[info   ] UserConfig: Could not read user config file '/home/pine/.config/supertuxkart/config-0.10/config.xml'.  A new file will be created.
[info   ] [FileManager]: Data files will be fetched from: '/usr/share/supertuxkart/data/'
[info   ] [FileManager]: User directory is '/home/pine/.config/supertuxkart/config-0.10/'.
[info   ] [FileManager]: Addons files will be stored in '/home/pine/.local/share/supertuxkart/addons/'.
[info   ] [FileManager]: Screenshots will be stored in '/home/pine/.local/share/supertuxkart/screenshots/'.
[info   ] [FileManager]: User-defined grand prix will be stored in '/home/pine/.local/share/supertuxkart/grandprix/'.
[info   ] [FileManager]: Asset 0 will be loaded from '/usr/share/supertuxkart/data/challenges/'.
[info   ] [FileManager]: Asset 1 will be loaded from '/usr/share/supertuxkart/data/gfx/'.
[info   ] [FileManager]: Asset 2 will be loaded from '/usr/share/supertuxkart/data/grandprix/'.
[info   ] [FileManager]: Asset 3 will be loaded from '/usr/share/supertuxkart/data/gui/icons/'.
[info   ] [FileManager]: Asset 4 will be loaded from '/usr/share/supertuxkart/data/gui/screens/'.
[info   ] [FileManager]: Asset 5 will be loaded from '/usr/share/supertuxkart/data/gui/dialogs/'.
[info   ] [FileManager]: Asset 6 will be loaded from '/usr/share/supertuxkart/data/replay/'.
[info   ] [FileManager]: Asset 7 will be loaded from '/usr/share/supertuxkart/data/shaders/'.
[info   ] [FileManager]: Asset 8 will be loaded from '/usr/share/supertuxkart/data/skins/'.
[info   ] [FileManager]: Asset 9 will be loaded from '/usr/share/supertuxkart/data/ttf/'.
[info   ] [FileManager]: Asset 10 will be loaded from '/usr/share/supertuxkart/data/po/'.
[info   ] [FileManager]: Asset 11 will be loaded from '/usr/share/supertuxkart/data/library/'.
[info   ] [FileManager]: Asset 12 will be loaded from '/usr/share/supertuxkart/data/models/'.
[info   ] [FileManager]: Asset 13 will be loaded from '/usr/share/supertuxkart/data/music/'.
[info   ] [FileManager]: Asset 14 will be loaded from '/usr/share/supertuxkart/data/sfx/'.
[info   ] [FileManager]: Asset 15 will be loaded from '/usr/share/supertuxkart/data/textures/'.
[info   ] [FileManager]: Asset 16 will be loaded from '/usr/share/supertuxkart/data/tracks/'.
[verbose  ] translation: Env var LANGUAGE = 'en_GB.UTF-8'.
[verbose  ] translation: Language 'English (Great Britain)'.
[info   ] ServerConfig: Could not read server config file '/home/pine/.config/supertuxkart/config-0.10/server_config.xml'. A new file will be created.
[info   ] [IrrDriver Logger]: ..:: Antarctica Rendering Engine 2.0 ::..
[info   ] [IrrDriver Logger]: Compiled SDL Version 2.32.56
[info   ] [IrrDriver Logger]: Current SDL Version 2.32.56
[info   ] [IrrDriver Logger]: Using renderer: OpenGL 4.3.0
[info   ] [IrrDriver Logger]: NVIDIA GeForce RTX 4070 SUPER/PCIe/SSE2: NVIDIA Corporation
[info   ] [IrrDriver Logger]: OpenGL driver version is 1.2 or better.
[info   ] [IrrDriver Logger]: GLSL version: 4.3
[info   ] IrrDriver: OpenGL version: 4.3
[info   ] IrrDriver: OpenGL vendor: NVIDIA Corporation
[info   ] IrrDriver: OpenGL renderer: NVIDIA GeForce RTX 4070 SUPER/PCIe/SSE2
[info   ] IrrDriver: OpenGL version string: 4.3.0 NVIDIA 580.119.02
[info   ] IrrDriver: OpenGL total memory: 12282
[info   ] GLDriver: ARB Buffer Storage Present
[info   ] GLDriver: ARB Compute Shader Present
[info   ] GLDriver: ARB Arrays of Arrays Present
[info   ] GLDriver: ARB Texture Storage Present
[info   ] GLDriver: ARB Texture View Present
[info   ] GLDriver: ARB Image Load Store Present
[info   ] GLDriver: ARB Shader Storage Buffer Object Present
[info   ] GLDriver: EXT Texture Compression S3TC Present
[info   ] GLDriver: ARB Uniform Buffer Object Present
[info   ] GLDriver: ARB Explicit Attrib Location Present
[info   ] GLDriver: EXT Texture Filter Anisotropic Present
[info   ] GLDriver: Geometry Shaders Present
[info   ] GLDriver: ARB Texture Buffer Object Present
[info   ] GLDriver: ARB Texture Swizzle Present
[info   ] GLDriver: ARB Pixel Buffer Object Present
[info   ] GLDriver: ARB Sampler Objects Present
[info   ] GLDriver: ARB Vertex Type 2_10_10_10_rev Present
[info   ] GLDriver: ARB Instanced Arrays Present
[info   ] SharedGPUObjects: Hardware Skinning enabled, method: TBO, max bones: 2048
[info   ] ShaderFilesManager: Compiling shader: /usr/share/supertuxkart/data/shaders/screenquad.vert
[info   ] ShaderFilesManager: Compiling shader: /usr/share/supertuxkart/data/shaders/motion_blur.frag
[info   ] ShaderFilesManager: Compiling shader: /usr/share/supertuxkart/data/shaders/lightning.frag
[info   ] ShaderFilesManager: Compiling shader: /usr/share/supertuxkart/data/shaders/primitive2dlist.vert
[info   ] ShaderFilesManager: Compiling shader: /usr/share/supertuxkart/data/shaders/transparent.frag
[info   ] ShaderFilesManager: Compiling shader: /usr/share/supertuxkart/data/shaders/texturedquad.vert
[info   ] ShaderFilesManager: Compiling shader: /usr/share/supertuxkart/data/shaders/uniformcolortexturedquad.frag
[info   ] ShaderFilesManager: Compiling shader: /usr/share/supertuxkart/data/shaders/texturedquad.frag
[info   ] ShaderFilesManager: Compiling shader: /usr/share/supertuxkart/data/shaders/coloredquad.vert
[info   ] ShaderFilesManager: Compiling shader: /usr/share/supertuxkart/data/shaders/coloredquad.frag
[info   ] ShaderFilesManager: Compiling shader: /usr/share/supertuxkart/data/shaders/colortexturedquad.vert
[info   ] ShaderFilesManager: Compiling shader: /usr/share/supertuxkart/data/shaders/colortexturedquad.frag
[info   ] irr_driver: GLSL supported.
[info   ] GUI: Loading skin data from file: /usr/share/supertuxkart/data/skins/classic/stkskin.xml
[info   ] ShaderFilesManager: Compiling shader: /usr/share/supertuxkart/data/shaders/sp_pass.vert
[info   ] ShaderFilesManager: Compiling shader: /usr/share/supertuxkart/data/shaders/sp_solid.frag
[info   ] ShaderFilesManager: Compiling shader: /usr/share/supertuxkart/data/shaders/sp_shadow.vert
[info   ] ShaderFilesManager: Compiling shader: /usr/share/supertuxkart/data/shaders/white.frag
[info   ] ShaderFilesManager: Compiling shader: /usr/share/supertuxkart/data/shaders/sp_skinning.vert
[info   ] ShaderFilesManager: Compiling shader: /usr/share/supertuxkart/data/shaders/sp_skinning_shadow.vert
[info   ] ShaderFilesManager: Compiling shader: /usr/share/supertuxkart/data/shaders/sp_normal_map.frag
[info   ] ShaderFilesManager: Compiling shader: /usr/share/supertuxkart/data/shaders/sp_alpha_test.frag
[info   ] ShaderFilesManager: Compiling shader: /usr/share/supertuxkart/data/shaders/sp_shadow_alpha_test.frag
[info   ] ShaderFilesManager: Compiling shader: /usr/share/supertuxkart/data/shaders/sp_decal.frag
[info   ] ShaderFilesManager: Compiling shader: /usr/share/supertuxkart/data/shaders/sp_grass_pass.vert
[info   ] ShaderFilesManager: Compiling shader: /usr/share/supertuxkart/data/shaders/sp_grass.frag
[info   ] ShaderFilesManager: Compiling shader: /usr/share/supertuxkart/data/shaders/sp_grass_shadow.vert
[info   ] ShaderFilesManager: Compiling shader: /usr/share/supertuxkart/data/shaders/sp_unlit.frag
[info   ] ShaderFilesManager: Compiling shader: /usr/share/supertuxkart/data/shaders/sp_transparent.frag
[info   ] ShaderFilesManager: Compiling shader: /usr/share/supertuxkart/data/shaders/sp_ghost.frag
[info   ] ShaderFilesManager: Compiling shader: /usr/share/supertuxkart/data/shaders/sp_dynamic_night_bloom.frag
[info   ] ShaderFilesManager: Compiling shader: /usr/share/supertuxkart/data/shaders/sp_tilling_mitigation.frag
[info   ] ShaderFilesManager: Compiling shader: /usr/share/supertuxkart/data/shaders/sp_vertical_mapping.frag
[info   ] ShaderFilesManager: Compiling shader: /usr/share/supertuxkart/data/shaders/sp_road_blending.frag
[info   ] [FileManager]: Creating directory(ies) '/home/pine/.cache/supertuxkart/cached-textures/hd/textures'
[info   ] FileManager: Creating directory '/home/pine/.cache/supertuxkart/cached-textures/hd/'.
[info   ] FileManager: Creating directory '/home/pine/.cache/supertuxkart/cached-textures/hd/textures/'.
[info   ] ShaderFilesManager: Compiling shader: /usr/share/supertuxkart/data/shaders/sp_displace_ssr.frag
[info   ] ShaderFilesManager: Compiling shader: /usr/share/supertuxkart/data/shaders/sp_displace.frag
[info   ] ShaderFilesManager: Compiling shader: /usr/share/supertuxkart/data/shaders/colorize.frag
[info   ] ShaderFilesManager: Compiling shader: /usr/share/supertuxkart/data/shaders/sp_normal_visualizer.vert
[info   ] ShaderFilesManager: Compiling shader: /usr/share/supertuxkart/data/shaders/sp_normal_visualizer.geom
[info   ] ShaderFilesManager: Compiling shader: /usr/share/supertuxkart/data/shaders/sp_normal_visualizer.frag
[info   ] player_manager: A new players.xml file will be created.
[error  ] SFXBuffer: Positional audio is not supported with stereo files, but /usr/share/supertuxkart/data/sfx/WilhelmScream.ogg is stereo
[error  ] SFXBuffer: Positional audio is not supported with stereo files, but /usr/share/supertuxkart/data/sfx/car_revup.ogg is stereo
[info   ] Highscore Manager: New highscore file '/home/pine/.config/supertuxkart/config-0.10/highscore.xml' created.

[info   ] GrandPrixManager: Loading Grand Prix files from /usr/share/supertuxkart/data/grandprix/
[info   ] GrandPrixManager: Loading Grand Prix files from /home/pine/.local/share/supertuxkart/grandprix/
[info   ] [FileManager]: Creating directory(ies) '/home/pine/.cache/supertuxkart/cached-textures/hd/karts/adiumy'
[info   ] FileManager: Creating directory '/home/pine/.cache/supertuxkart/cached-textures/hd/karts/'.
[info   ] FileManager: Creating directory '/home/pine/.cache/supertuxkart/cached-textures/hd/karts/adiumy/'.
[info   ] [FileManager]: Creating directory(ies) '/home/pine/.cache/supertuxkart/cached-textures/hd/karts/amanda'
[info   ] FileManager: Creating directory '/home/pine/.cache/supertuxkart/cached-textures/hd/karts/amanda/'.
[info   ] [FileManager]: Creating directory(ies) '/home/pine/.cache/supertuxkart/cached-textures/hd/karts/beastie'
[info   ] FileManager: Creating directory '/home/pine/.cache/supertuxkart/cached-textures/hd/karts/beastie/'.
[info   ] [FileManager]: Creating directory(ies) '/home/pine/.cache/supertuxkart/cached-textures/hd/karts/emule'
[info   ] FileManager: Creating directory '/home/pine/.cache/supertuxkart/cached-textures/hd/karts/emule/'.
[info   ] [FileManager]: Creating directory(ies) '/home/pine/.cache/supertuxkart/cached-textures/hd/karts/gavroche'
[info   ] FileManager: Creating directory '/home/pine/.cache/supertuxkart/cached-textures/hd/karts/gavroche/'.
[warn   ] Material: Missing container id for gnu_accessories.png, no texture compression for it will be done.
[info   ] [FileManager]: Creating directory(ies) '/home/pine/.cache/supertuxkart/cached-textures/hd/karts/gnu'
[info   ] FileManager: Creating directory '/home/pine/.cache/supertuxkart/cached-textures/hd/karts/gnu/'.
[info   ] [FileManager]: Creating directory(ies) '/home/pine/.cache/supertuxkart/cached-textures/hd/karts/hexley'
[info   ] FileManager: Creating directory '/home/pine/.cache/supertuxkart/cached-textures/hd/karts/hexley/'.
[info   ] [FileManager]: Creating directory(ies) '/home/pine/.cache/supertuxkart/cached-textures/hd/karts/kiki'
[info   ] FileManager: Creating directory '/home/pine/.cache/supertuxkart/cached-textures/hd/karts/kiki/'.
[info   ] [FileManager]: Creating directory(ies) '/home/pine/.cache/supertuxkart/cached-textures/hd/karts/konqi'
[info   ] FileManager: Creating directory '/home/pine/.cache/supertuxkart/cached-textures/hd/karts/konqi/'.
[warn   ] SPMeshBuffer: kartDirt shader is missing, fallback to solid
[info   ] [FileManager]: Creating directory(ies) '/home/pine/.cache/supertuxkart/cached-textures/hd/karts/nolok'
[info   ] FileManager: Creating directory '/home/pine/.cache/supertuxkart/cached-textures/hd/karts/nolok/'.
[warn   ] SPMeshBuffer: kartDirt shader is missing, fallback to solid
[warn   ] SPMeshBuffer: kartDirt shader is missing, fallback to solid
[warn   ] SPMeshBuffer: kartDirt shader is missing, fallback to solid
[warn   ] SPMeshBuffer: kartDirt shader is missing, fallback to solid
[info   ] [FileManager]: Creating directory(ies) '/home/pine/.cache/supertuxkart/cached-textures/hd/karts/pidgin'
[info   ] FileManager: Creating directory '/home/pine/.cache/supertuxkart/cached-textures/hd/karts/pidgin/'.
[info   ] [FileManager]: Creating directory(ies) '/home/pine/.cache/supertuxkart/cached-textures/hd/karts/puffy'
[info   ] FileManager: Creating directory '/home/pine/.cache/supertuxkart/cached-textures/hd/karts/puffy/'.
[warn   ] Material: Missing container id for Pepper_lamp_diff.png, no texture compression for it will be done.
[info   ] [FileManager]: Creating directory(ies) '/home/pine/.cache/supertuxkart/cached-textures/hd/karts/sara_the_racer'
[info   ] FileManager: Creating directory '/home/pine/.cache/supertuxkart/cached-textures/hd/karts/sara_the_racer/'.
[info   ] [FileManager]: Creating directory(ies) '/home/pine/.cache/supertuxkart/cached-textures/hd/karts/sara_the_wizard'
[info   ] FileManager: Creating directory '/home/pine/.cache/supertuxkart/cached-textures/hd/karts/sara_the_wizard/'.
[info   ] [FileManager]: Creating directory(ies) '/home/pine/.cache/supertuxkart/cached-textures/hd/karts/suzanne'
[info   ] FileManager: Creating directory '/home/pine/.cache/supertuxkart/cached-textures/hd/karts/suzanne/'.
[info   ] [FileManager]: Creating directory(ies) '/home/pine/.cache/supertuxkart/cached-textures/hd/karts/tux'
[info   ] FileManager: Creating directory '/home/pine/.cache/supertuxkart/cached-textures/hd/karts/tux/'.
[info   ] [FileManager]: Creating directory(ies) '/home/pine/.cache/supertuxkart/cached-textures/hd/karts/wilber'
[info   ] FileManager: Creating directory '/home/pine/.cache/supertuxkart/cached-textures/hd/karts/wilber/'.
[info   ] [FileManager]: Creating directory(ies) '/home/pine/.cache/supertuxkart/cached-textures/hd/karts/xue'
[info   ] FileManager: Creating directory '/home/pine/.cache/supertuxkart/cached-textures/hd/karts/xue/'.
[info   ] [FileManager]: Creating directory(ies) '/home/pine/.cache/supertuxkart/cached-textures/hd/models'
[info   ] FileManager: Creating directory '/home/pine/.cache/supertuxkart/cached-textures/hd/models/'.
[info   ] HTTPRequest: Downloading https://discord.com/api/v8/oauth2/applications/817760324983324753/assets
[info   ] HTTPRequest: Downloading https://online.supertuxkart.net/dl/xml/online_news.xml
[info   ] addons: Downloading updated addons.xml.
[info   ] HTTPRequest: Downloading https://online.supertuxkart.net/dl/xml/online_assets.xml
[info   ] HTTPRequest: Sending username=pine&password=***********&password_confirm=***********&email=syd%40hanby.org.uk&terms=on to https://online.supertuxkart.net/api/v2/user/register/
[info   ] HTTPRequest: Sending username=pineconechamp&password=***********&password_confirm=***********&email=syd%40hanby.org.uk&terms=on to https://online.supertuxkart.net/api/v2/user/register/
[info   ] HTTPRequest: Sending username=pineconechamp&password=***********&save-session=false to https://online.supertuxkart.net/api/v2/user/connect/
[info   ] HTTPRequest: Sending username=pineconechamp&password=***********&save-session=false to https://online.supertuxkart.net/api/v2/user/connect/
[info   ] HTTPRequest: Sending username=pineconechamp&password=***********&save-session=false to https://online.supertuxkart.net/api/v2/user/connect/
[info   ] HTTPRequest: Sending userid=564312&token=************************&visitingid=564312 to https://online.supertuxkart.net/api/v2/user/get-friends-list/
[info   ] HTTPRequest: Sending userid=564312&token=************************ to https://online.supertuxkart.net/api/v2/user/poll/
[verbose  ] RaceManager: Nb of karts=1, ghost karts:0 ai:0 players:1

[info   ] ShaderFilesManager: Compiling shader: /usr/share/supertuxkart/data/shaders/simple_particle.vert
[info   ] ShaderFilesManager: Compiling shader: /usr/share/supertuxkart/data/shaders/simple_particle.frag
[info   ] ShaderFilesManager: Compiling shader: /usr/share/supertuxkart/data/shaders/alphatest_particle.vert
[info   ] ShaderFilesManager: Compiling shader: /usr/share/supertuxkart/data/shaders/alphatest_particle.frag
[info   ] ShaderFilesManager: Compiling shader: /usr/share/supertuxkart/data/shaders/degraded_ibl.frag
[info   ] ShaderFilesManager: Compiling shader: /usr/share/supertuxkart/data/shaders/sunlight.frag
[info   ] ShaderFilesManager: Compiling shader: /usr/share/supertuxkart/data/shaders/pointlight.vert
[info   ] ShaderFilesManager: Compiling shader: /usr/share/supertuxkart/data/shaders/pointlight.frag
[info   ] ShaderFilesManager: Compiling shader: /usr/share/supertuxkart/data/shaders/combine_diffuse_color.frag
[info   ] ShaderFilesManager: Compiling shader: /usr/share/supertuxkart/data/shaders/tonemap.frag
[info   ] [FileManager]: Creating directory(ies) '/home/pine/.cache/supertuxkart/cached-textures/hd/tracks/tutorial'
[info   ] FileManager: Creating directory '/home/pine/.cache/supertuxkart/cached-textures/hd/tracks/'.
[info   ] FileManager: Creating directory '/home/pine/.cache/supertuxkart/cached-textures/hd/tracks/tutorial/'.
[info   ] Track: Overall scene complexity estimated at 73, Auto-LoD multiplier is 3.286335
[info   ] ShaderFilesManager: Compiling shader: /usr/share/supertuxkart/data/shaders/importance_sampling_specular.frag
[info   ] ShaderFilesManager: Compiling shader: /usr/share/supertuxkart/data/shaders/sky.vert
[info   ] ShaderFilesManager: Compiling shader: /usr/share/supertuxkart/data/shaders/sky.frag
[info   ] ShaderFilesManager: Compiling shader: /usr/share/supertuxkart/data/shaders/passthrough.frag
[info   ] Script: onStart(): start Driving Tutorial
[info   ] Script: tutorial_bananas(Kart 0): Triggered
[info   ] Script: tutorial_giftboxes(Kart 0): Triggered
[info   ] Script: tutorial_backgiftboxes(Kart 0): Triggered
[info   ] Script: tutorial_discard(Kart 0): Discarded a Message
[info   ] Script: tutorial_nitro_collect(Kart 0): Triggered
[info   ] Script: tutorial_discard(Kart 0): Discarded a Message
[info   ] Script: tutorial_nitro_use(Kart 0): Triggered
[info   ] HTTPRequest: Sending userid=564312&token=************************ to https://online.supertuxkart.net/api/v2/user/poll/
[info   ] Script: tutorial_discard(Kart 0): Discarded a Message
[info   ] Script: tutorial_rescue(Kart 0): Triggered
[info   ] Script: tutorial_discard(Kart 0): Discarded a Message
[info   ] Script: tutorial_skidding(Kart 0): Triggered
[info   ] Script: tutorial_skidding2(Kart 0): Triggered
[info   ] Script: tutorial_discard(Kart 0): Discarded a Message
[info   ] Script: tutorial_endmessage(Kart 0): Triggered
[info   ] Script: tutorial_exit(Kart 0): Tutorial quitted
[info   ] Singleton: Destroyed singleton.
[info   ] Singleton: Destroyed singleton.
[warn   ] LayoutManager: Statically sized widgets took all the place!!
[warn   ] LayoutManager: Statically sized widgets took all the place!!
[info   ] HTTPRequest: Sending userid=564312&token=************************ to https://online.supertuxkart.net/api/v2/user/poll/
[warn   ] LayoutManager: Statically sized widgets took all the place!!
[warn   ] LayoutManager: Statically sized widgets took all the place!!
[warn   ] LayoutManager: Statically sized widgets took all the place!!
[warn   ] LayoutManager: Statically sized widgets took all the place!!
[warn   ] LayoutManager: Statically sized widgets took all the place!!
[warn   ] LayoutManager: Statically sized widgets took all the place!!
[warn   ] LayoutManager: Statically sized widgets took all the place!!
[warn   ] LayoutManager: Statically sized widgets took all the place!!
[warn   ] LayoutManager: Statically sized widgets took all the place!!
[warn   ] LayoutManager: Statically sized widgets took all the place!!
[warn   ] LayoutManager: Statically sized widgets took all the place!!
[warn   ] LayoutManager: Statically sized widgets took all the place!!
[warn   ] LayoutManager: Statically sized widgets took all the place!!
[warn   ] LayoutManager: Statically sized widgets took all the place!!
[warn   ] AbstractTopLevelContainer::addWidgetsRecursively: Widget target-type-spinner of type 1 has no dimensions
[warn   ] AbstractTopLevelContainer::addWidgetsRecursively: Widget target-type-text of type 5 has no dimensions
[warn   ] AbstractTopLevelContainer::addWidgetsRecursively: Widget ai-blue-spinner of type 1 has no dimensions
[warn   ] AbstractTopLevelContainer::addWidgetsRecursively: Widget ai-blue-text of type 5 has no dimensions
[verbose  ] RaceManager: Nb of karts=4, ghost karts:0 ai:3 players:1

[info   ] [FileManager]: Creating directory(ies) '/home/pine/.cache/supertuxkart/cached-textures/hd/tracks/ravenbridge_mansion'
[info   ] FileManager: Creating directory '/home/pine/.cache/supertuxkart/cached-textures/hd/tracks/ravenbridge_mansion/'.
[info   ] [FileManager]: Creating directory(ies) '/home/pine/.cache/supertuxkart/cached-textures/hd/library/stklib_gramophone_a'
[info   ] FileManager: Creating directory '/home/pine/.cache/supertuxkart/cached-textures/hd/library/'.
[info   ] FileManager: Creating directory '/home/pine/.cache/supertuxkart/cached-textures/hd/library/stklib_gramophone_a/'.
[info   ] [FileManager]: Creating directory(ies) '/home/pine/.cache/supertuxkart/cached-textures/hd/library/stklib_oldLantern_a'
[info   ] FileManager: Creating directory '/home/pine/.cache/supertuxkart/cached-textures/hd/library/stklib_oldLantern_a/'.
[info   ] [FileManager]: Creating directory(ies) '/home/pine/.cache/supertuxkart/cached-textures/hd/library/stklib_pumpkin_a'
[info   ] FileManager: Creating directory '/home/pine/.cache/supertuxkart/cached-textures/hd/library/stklib_pumpkin_a/'.
[info   ] Track: Overall scene complexity estimated at 757, Auto-LoD multiplier is 1.298867
[info   ] HTTPRequest: Sending userid=564312&token=************************ to https://online.supertuxkart.net/api/v2/user/poll/
[info   ] HTTPRequest: Sending userid=564312&token=************************ to https://online.supertuxkart.net/api/v2/user/poll/
[info   ] HTTPRequest: Sending userid=564312&token=************************ to https://online.supertuxkart.net/api/v2/user/poll/
[info   ] HTTPRequest: Sending userid=564312&token=************************ to https://online.supertuxkart.net/api/v2/user/poll/
[info   ] HTTPRequest: Sending userid=564312&token=************************&achievementid=7 to https://online.supertuxkart.net/api/v2/user/achieving/
[warn   ] LayoutManager: Statically sized widgets took all the place!!
[info   ] Singleton: Destroyed singleton.
[info   ] Singleton: Destroyed singleton.
[info   ] HTTPRequest: Sending userid=564312&token=************************ to https://online.supertuxkart.net/api/v2/user/poll/
[verbose  ] Thread: Start waiting 3716986.137000
[info   ] HTTPRequest: Sending userid=564312&token=************************ to https://online.supertuxkart.net/api/v2/user/disconnect/
[verbose  ] Thread: Waited 0.011000 seconds for thread to become deleteable.
[verbose  ] Thread: Stop waiting 3716986.148000
[verbose  ] Thread: Start waiting 3716986.158000
[verbose  ] Thread: Waited 0.100000 seconds for thread to become deleteable.
[verbose  ] Thread: Stop waiting 3716986.258000
[info   ] Singleton: Destroyed singleton.
[info   ] Singleton: Destroyed singleton.
[info   ] Singleton: Destroyed singleton.
[info   ] Singleton: Destroyed singleton.
[info   ] Singleton: Destroyed singleton.
[info   ] Singleton: Destroyed singleton.
[info   ] Singleton: Destroyed singleton.
[info   ] Singleton: Destroyed singleton.
[info   ] Singleton: Destroyed singleton.
[info   ] Singleton: Destroyed singleton.
[info   ] Singleton: Destroyed singleton.
[info   ] Singleton: Destroyed singleton.
[info   ] Singleton: Destroyed singleton.
[info   ] Singleton: Destroyed singleton.
[info   ] Singleton: Destroyed singleton.
[info   ] Singleton: Destroyed singleton.
[info   ] Singleton: Destroyed singleton.
[info   ] Singleton: Destroyed singleton.
[info   ] Singleton: Destroyed singleton.
[info   ] Singleton: Destroyed singleton.
[info   ] Singleton: Destroyed singleton.
