Unity Editor version:    6000.2.12f1 (e89d5df0e333)
Branch:                  6000.2/staging
Build type:              Release
Batch mode:              NO
System name:             Linux
Distro version:          #1 SMP PREEMPT_DYNAMIC Sun Nov  2 15:30:09 UTC 2025
Kernel version:          6.17.7-300.fc43.x86_64
Architecture:            x86_64
Window Protocol:         Wayland (XWayland)
Available memory:        31843 MB
Date:                    2025-11-22T16:25:11Z
[Licensing::Module] Trying to connect to existing licensing client channel...
[Licensing::IpcConnector] Successfully connected to: "LicenseClient-pine" at "2025-11-22T16:25:11.033482Z"
[SignatureVerifier] Application signature verification not supported on this platform.
[Licensing::Client] Error: HandshakeResponse reported an error:
	ResponseCode: 505
	ResponseStatus: Unsupported protocol version '1.17.4'.
[Licensing::Module] Error: Failed to handshake to channel: "LicenseClient-pine"
[Licensing::IpcConnector] LicenseClient-pine channel disconnected successfully.
[Licensing::IpcConnector] Channel LicenseClient-pine-6000.2.12 doesn't exist
[Licensing::Module] Successfully launched the LicensingClient (PId: 38073)
[Licensing::IpcConnector] Successfully connected to: "LicenseClient-pine-6000.2.12" at "2025-11-22T16:25:11.415809Z"
[SignatureVerifier] Application signature verification not supported on this platform.
[Licensing::Client] Handshaking with LicensingClient:
  Version:                 1.17.4+4293ba1
  Session Id:              6f5b533439a9401aaae185745d5ea274
  Correlation Id:          af0db73a51a33e945e9cbcd1c3cd0d95
  External correlation Id: 8736291095587925530
  Machine Id:              NMarlExb7a8ZDj62LX8GoSQVcFs=
[Licensing::Module] Successfully connected to LicensingClient on channel: "LicenseClient-pine-6000.2.12" (connect: 0.38s, validation: 0.04s, handshake: 0.00s)
[Licensing::IpcConnector] Successfully connected to: "LicenseClient-pine-6000.2.12-notifications" at "2025-11-22T16:25:11.458189Z"
[Licensing::Module] Connected to LicensingClient (PId: 38073, launch time: 0.00, total connection time: 0.42s)
[Licensing::Client] Successfully updated the access token
[Licensing::Module] Successfully updated the access token _lF01c6Lo4...
[Licensing::Client] Successfully resolved entitlement details
[Licensing::Module] License group:
  Id: 5772888593621-UnityPersXXXX
  Product: Unity Personal
  Type: Assigned
  Expiration: Unlimited
[Licensing::Client] Successfully updated license, isAsync: True, time: 0.01
[Licensing::Client] Successfully resolved entitlement details
[Licensing::Module] Licensing Background thread has ended after 0.44s
Selected window backend: (null) 

(Unity:38051): Gtk-WARNING **: 16:25:12.131: Theme parsing error: <data>:1:29: Not using units is deprecated. Assuming 'px'.

(Unity:38051): Gtk-WARNING **: 16:25:12.131: Theme parsing error: <data>:1:34: Not using units is deprecated. Assuming 'px'.

(Unity:38051): Gtk-WARNING **: 16:25:12.131: Theme parsing error: <data>:1:29: Not using units is deprecated. Assuming 'px'.

(Unity:38051): Gtk-WARNING **: 16:25:12.131: Theme parsing error: <data>:1:34: Not using units is deprecated. Assuming 'px'.

(Unity:38051): GLib-GObject-CRITICAL **: 16:25:14.714: g_object_unref: assertion 'G_IS_OBJECT (object)' failed
Desktop is 3000 x 1920 @ 60 Hz
Initialize udev device monitor.

COMMAND LINE ARGUMENTS:
/home/pine/Unity/Hub/Editor/6000.2.12f1/Editor/Unity
-projectpath
/home/pine/Documents/Game-Off-2025/Waves - gamejam
-acceptSoftwareTermsForThisRunOnly
-useHub
-hubIPC
-cloudEnvironment
production
-licensingIpc
LicenseClient-pine
-hubSessionId
be238826-7365-4aa7-acae-dd9fc6c22c27
-accessToken
_lF01c6Lo4H8pLg0_BF2bkWit2nnjMJWApWPpRWNYPU005f
Successfully changed project path to: /home/pine/Documents/Game-Off-2025/Waves - gamejam
/home/pine/Documents/Game-Off-2025/Waves - gamejam
[UnityMemory] Configuration Parameters - Can be set up in boot.config
    "memorysetup-allocator-temp-initial-block-size-main=262144"
    "memorysetup-allocator-temp-initial-block-size-worker=262144"
    "memorysetup-bucket-allocator-granularity=16"
    "memorysetup-bucket-allocator-bucket-count=8"
    "memorysetup-bucket-allocator-block-size=33554432"
    "memorysetup-bucket-allocator-block-count=8"
    "memorysetup-main-allocator-block-size=16777216"
    "memorysetup-thread-allocator-block-size=16777216"
    "memorysetup-gfx-main-allocator-block-size=16777216"
    "memorysetup-gfx-thread-allocator-block-size=16777216"
    "memorysetup-cache-allocator-block-size=4194304"
    "memorysetup-typetree-allocator-block-size=2097152"
    "memorysetup-profiler-bucket-allocator-granularity=16"
    "memorysetup-profiler-bucket-allocator-bucket-count=8"
    "memorysetup-profiler-bucket-allocator-block-size=33554432"
    "memorysetup-profiler-bucket-allocator-block-count=8"
    "memorysetup-profiler-allocator-block-size=16777216"
    "memorysetup-profiler-editor-allocator-block-size=1048576"
    "memorysetup-temp-allocator-size-main=16777216"
    "memorysetup-job-temp-allocator-block-size=2097152"
    "memorysetup-job-temp-allocator-block-size-background=1048576"
    "memorysetup-job-temp-allocator-reduction-small-platforms=262144"
    "memorysetup-temp-allocator-size-background-worker=32768"
    "memorysetup-temp-allocator-size-job-worker=262144"
    "memorysetup-temp-allocator-size-preload-manager=33554432"
    "memorysetup-temp-allocator-size-nav-mesh-worker=65536"
    "memorysetup-temp-allocator-size-audio-worker=65536"
    "memorysetup-temp-allocator-size-cloud-worker=32768"
    "memorysetup-temp-allocator-size-gi-baking-worker=262144"
    "memorysetup-temp-allocator-size-gi-baking-worker=262144"
    "memorysetup-temp-allocator-size-gi-baking-worker=262144"
    "memorysetup-temp-allocator-size-gi-baking-worker=262144"
    "memorysetup-temp-allocator-size-gi-baking-worker=262144"
    "memorysetup-temp-allocator-size-gfx=262144"

(Unity:38051): GLib-GIO-CRITICAL **: 16:25:14.874: g_dbus_proxy_call_sync_internal: assertion 'G_IS_DBUS_PROXY (proxy)' failed

(Unity:38051): GLib-GIO-CRITICAL **: 16:25:14.906: g_dbus_proxy_call_sync_internal: assertion 'G_IS_DBUS_PROXY (proxy)' failed
Player connection [140325984066944]  Target information:

Player connection [140325984066944]  * "[IP] 192.168.1.201 [Port] 55504 [Flags] 2 [Guid] 1859238504 [EditorId] 1859238504 [Version] 1048832 [Id] LinuxEditor(16,192.168.1.201) [Debug] 1 [PackageName] LinuxEditor [ProjectName] Editor" 

Player connection [140325984066944] Host joined multi-casting on [225.0.0.222:54997]...
Player connection [140325984066944] Host joined alternative multi-casting on [225.0.0.222:34997]...
Input System module state changed to: Initialized.
[Physics::Module] Initialized fallback backend.
[Physics::Module] Id: 0xdecafbad

(Unity:38051): GLib-GIO-CRITICAL **: 16:25:14.950: g_dbus_proxy_call_sync_internal: assertion 'G_IS_DBUS_PROXY (proxy)' failed

(Unity:38051): GLib-GIO-CRITICAL **: 16:25:14.951: g_dbus_proxy_call_sync_internal: assertion 'G_IS_DBUS_PROXY (proxy)' failed

(Unity:38051): GLib-GIO-CRITICAL **: 16:25:14.951: g_dbus_proxy_call_sync_internal: assertion 'G_IS_DBUS_PROXY (proxy)' failed
[Package Manager] Connected to IPC stream "Upm-38051" after 0.2 seconds.

(Unity:38051): GLib-GIO-CRITICAL **: 16:25:15.102: g_dbus_proxy_call_sync_internal: assertion 'G_IS_DBUS_PROXY (proxy)' failed

(Unity:38051): GLib-GIO-CRITICAL **: 16:25:15.106: g_dbus_proxy_call_sync_internal: assertion 'G_IS_DBUS_PROXY (proxy)' failed
Library Redirect Path: Library/
[Physics::Module] Selected backend.
[Physics::Module] Name: PhysX
[Physics::Module] Id: 0xf2b8ea05
[Physics::Module] SDK Version: 4.1.2
[Physics::Module] Integration Version: 1.0.0
[Physics::Module] Threading Mode: Multi-Threaded
Artifact Garbage Collection - Removed 390 unused hashed content files

(Unity:38051): GLib-GIO-CRITICAL **: 16:25:15.371: g_dbus_proxy_call_sync_internal: assertion 'G_IS_DBUS_PROXY (proxy)' failed

(Unity:38051): GLib-GIO-CRITICAL **: 16:25:15.375: g_dbus_proxy_call_sync_internal: assertion 'G_IS_DBUS_PROXY (proxy)' failed
Refreshing native plugins compatible for Editor in 0.25 ms, found 0 plugins.
Preloading 0 native plugins for Editor in 0.00 ms.

(Unity:38051): GLib-GIO-CRITICAL **: 16:25:15.376: g_dbus_proxy_call_sync_internal: assertion 'G_IS_DBUS_PROXY (proxy)' failed
Initialize engine version: 6000.2.12f1 (e89d5df0e333)
[Subsystems] Discovering subsystems at path /home/pine/Unity/Hub/Editor/6000.2.12f1/Editor/Data/Resources/UnitySubsystems
[Subsystems] Discovering subsystems at path /home/pine/Documents/Game-Off-2025/Waves - gamejam/Assets
kGfxThreadingModeSplitJobs is not supported on OpenGL Core. Reverting to kGfxThreadingModeDirect instead.
GfxDevice: creating device client; kGfxThreadingModeDirect
GLX Extensions: GLX_ARB_get_proc_address GLX_ARB_multisample GLX_EXT_visual_info GLX_EXT_visual_rating GLX_SGIX_fbconfig GLX_SGIX_pbuffer GLX_SGI_swap_control GLX_EXT_swap_control GLX_EXT_buffer_age GLX_ARB_create_context GLX_ARB_create_context_profile GLX_ARB_fbconfig_float GLX_EXT_fbconfig_packed_float GLX_EXT_framebuffer_sRGB GLX_NV_copy_image GLX_NV_copy_buffer GLX_EXT_create_context_es_profile GLX_EXT_create_context_es2_profile GLX_ARB_create_context_no_error GLX_ARB_create_context_robustness GLX_ARB_context_flush_control 
Renderer: NVIDIA GeForce RTX 4070 SUPER/PCIe/SSE2
Vendor:   NVIDIA Corporation
Version:  4.5.0 NVIDIA 580.105.08
GLES:     0
 GL_AMD_multi_draw_indirect GL_AMD_seamless_cubemap_per_texture GL_AMD_vertex_shader_viewport_index GL_AMD_vertex_shader_layer GL_ARB_arrays_of_arrays GL_ARB_base_instance GL_ARB_bindless_texture GL_ARB_blend_func_extended GL_ARB_buffer_storage GL_ARB_clear_buffer_object GL_ARB_clear_texture GL_ARB_clip_control GL_ARB_color_buffer_float GL_ARB_compressed_texture_pixel_storage GL_ARB_conservative_depth GL_ARB_compute_shader GL_ARB_compute_variable_group_size GL_ARB_conditional_render_inverted GL_ARB_copy_buffer GL_ARB_copy_image GL_ARB_cull_distance GL_ARB_debug_output GL_ARB_depth_buffer_float GL_ARB_depth_clamp GL_ARB_depth_texture GL_ARB_derivative_control GL_ARB_direct_state_access GL_ARB_draw_buffers GL_ARB_draw_buffers_blend GL_ARB_draw_indirect GL_ARB_draw_elements_base_vertex GL_ARB_draw_instanced GL_ARB_enhanced_layouts GL_ARB_ES2_compatibility GL_ARB_ES3_compatibility GL_ARB_ES3_1_compatibility GL_ARB_ES3_2_compatibility GL_ARB_explicit_attrib_location GL_ARB_explicit_uniform_location GL_ARB_fragmen
t_coord_conventions GL_ARB_fragment_layer_viewport GL_ARB_fragment_program GL_ARB_fragment_program_shadow GL_ARB_fragment_shader GL_ARB_fragment_shader_interlock GL_ARB_framebuffer_no_attachments GL_ARB_framebuffer_object GL_ARB_framebuffer_sRGB GL_ARB_geometry_shader4 GL_ARB_get_program_binary GL_ARB_get_texture_sub_image GL_ARB_gl_spirv GL_ARB_gpu_shader5 GL_ARB_gpu_shader_fp64 GL_ARB_gpu_shader_int64 GL_ARB_half_float_pixel GL_ARB_half_float_vertex GL_ARB_imaging GL_ARB_indirect_parameters GL_ARB_instanced_arrays GL_ARB_internalformat_query GL_ARB_internalformat_query2 GL_ARB_invalidate_subdata GL_ARB_map_buffer_alignment GL_ARB_map_buffer_range GL_ARB_multi_bind GL_ARB_multi_draw_indirect GL_ARB_multisample GL_ARB_multitexture GL_ARB_occlusion_query GL_ARB_occlusion_query2 GL_ARB_parallel_shader_compile GL_ARB_pipeline_statistics_query GL_ARB_pixel_buffer_object GL_ARB_point_parameters GL_ARB_point_sprite GL_ARB_polygon_offset_clamp GL_ARB_post_depth_coverage GL_ARB_program_interface_query GL_ARB_provoki
ng_vertex GL_ARB_query_buffer_object GL_ARB_robust_buffer_access_behavior GL_ARB_robustness GL_ARB_sample_locations GL_ARB_sample_shading GL_ARB_sampler_objects GL_ARB_seamless_cube_map GL_ARB_seamless_cubemap_per_texture GL_ARB_separate_shader_objects GL_ARB_shader_atomic_counter_ops GL_ARB_shader_atomic_counters GL_ARB_shader_ballot GL_ARB_shader_bit_encoding GL_ARB_shader_clock GL_ARB_shader_draw_parameters GL_ARB_shader_group_vote GL_ARB_shader_image_load_store GL_ARB_shader_image_size GL_ARB_shader_objects GL_ARB_shader_precision GL_ARB_shader_storage_buffer_object GL_ARB_shader_subroutine GL_ARB_shader_texture_image_samples GL_ARB_shader_texture_lod GL_ARB_shading_language_100 GL_ARB_shader_viewport_layer_array GL_ARB_shading_language_420pack GL_ARB_shading_language_include GL_ARB_shading_language_packing GL_ARB_shadow GL_ARB_sparse_buffer GL_ARB_sparse_texture GL_ARB_sparse_texture2 GL_ARB_sparse_texture_clamp GL_ARB_spirv_extensions GL_ARB_stencil_texturing GL_ARB_sync GL_ARB_tessellation_shader GL_A
RB_texture_barrier GL_ARB_texture_border_clamp GL_ARB_texture_buffer_object GL_ARB_texture_buffer_object_rgb32 GL_ARB_texture_buffer_range GL_ARB_texture_compression GL_ARB_texture_compression_bptc GL_ARB_texture_compression_rgtc GL_ARB_texture_cube_map GL_ARB_texture_cube_map_array GL_ARB_texture_env_add GL_ARB_texture_env_combine GL_ARB_texture_env_crossbar GL_ARB_texture_env_dot3 GL_ARB_texture_filter_anisotropic GL_ARB_texture_filter_minmax GL_ARB_texture_float GL_ARB_texture_gather GL_ARB_texture_mirror_clamp_to_edge GL_ARB_texture_mirrored_repeat GL_ARB_texture_multisample GL_ARB_texture_non_power_of_two GL_ARB_texture_query_levels GL_ARB_texture_query_lod GL_ARB_texture_rectangle GL_ARB_texture_rg GL_ARB_texture_rgb10_a2ui GL_ARB_texture_stencil8 GL_ARB_texture_storage GL_ARB_texture_storage_multisample GL_ARB_texture_swizzle GL_ARB_texture_view GL_ARB_timer_query GL_ARB_transform_feedback2 GL_ARB_transform_feedback3 GL_ARB_transform_feedback_instanced GL_ARB_transform_feedback_overflow_query GL_ARB_t
ranspose_matrix GL_ARB_uniform_buffer_object GL_ARB_vertex_array_bgra GL_ARB_vertex_array_object GL_ARB_vertex_attrib_64bit GL_ARB_vertex_attrib_binding GL_ARB_vertex_buffer_object GL_ARB_vertex_program GL_ARB_vertex_shader GL_ARB_vertex_type_10f_11f_11f_rev GL_ARB_vertex_type_2_10_10_10_rev GL_ARB_viewport_array GL_ARB_window_pos GL_ATI_draw_buffers GL_ATI_texture_float GL_ATI_texture_mirror_once GL_S3_s3tc GL_EXT_texture_env_add GL_EXT_abgr GL_EXT_bgra GL_EXT_bindable_uniform GL_EXT_blend_color GL_EXT_blend_equation_separate GL_EXT_blend_func_separate GL_EXT_blend_minmax GL_EXT_blend_subtract GL_EXT_compiled_vertex_array GL_EXT_Cg_shader GL_EXT_depth_bounds_test GL_EXT_direct_state_access GL_EXT_draw_buffers2 GL_EXT_draw_instanced GL_EXT_draw_range_elements GL_EXT_fog_coord GL_EXT_framebuffer_blit GL_EXT_framebuffer_multisample GL_EXTX_framebuffer_mixed_formats GL_EXT_framebuffer_multisample_blit_scaled GL_EXT_framebuffer_object GL_EXT_framebuffer_sRGB GL_EXT_geometry_shader4 GL_EXT_gpu_program_parameters 
GL_EXT_gpu_shader4 GL_EXT_multi_draw_arrays GL_EXT_multiview_texture_multisample GL_EXT_multiview_timer_query GL_EXT_packed_depth_stencil GL_EXT_packed_float GL_EXT_packed_pixels GL_EXT_pixel_buffer_object GL_EXT_point_parameters GL_EXT_polygon_offset_clamp GL_EXT_post_depth_coverage GL_EXT_provoking_vertex GL_EXT_raster_multisample GL_EXT_rescale_normal GL_EXT_secondary_color GL_EXT_separate_shader_objects GL_EXT_separate_specular_color GL_EXT_shader_image_load_formatted GL_EXT_shader_image_load_store GL_EXT_shader_integer_mix GL_EXT_shadow_funcs GL_EXT_sparse_texture2 GL_EXT_stencil_two_side GL_EXT_stencil_wrap GL_EXT_texture3D GL_EXT_texture_array GL_EXT_texture_buffer_object GL_EXT_texture_compression_dxt1 GL_EXT_texture_compression_latc GL_EXT_texture_compression_rgtc GL_EXT_texture_compression_s3tc GL_EXT_texture_cube_map GL_EXT_texture_edge_clamp GL_EXT_texture_env_combine GL_EXT_texture_env_dot3 GL_EXT_texture_filter_anisotropic GL_EXT_texture_filter_minmax GL_EXT_texture_integer GL_EXT_texture_lod G
L_EXT_texture_lod_bias GL_EXT_texture_mirror_clamp GL_EXT_texture_object GL_EXT_texture_shadow_lod GL_EXT_texture_shared_exponent GL_EXT_texture_sRGB GL_EXT_texture_sRGB_R8 GL_EXT_texture_sRGB_decode GL_EXT_texture_storage GL_EXT_texture_swizzle GL_EXT_timer_query GL_EXT_transform_feedback2 GL_EXT_vertex_array GL_EXT_vertex_array_bgra GL_EXT_vertex_attrib_64bit GL_EXT_window_rectangles GL_EXT_x11_sync_object GL_EXT_import_sync_object GL_NV_robustness_video_memory_purge GL_IBM_rasterpos_clip GL_IBM_texture_mirrored_repeat GL_KHR_context_flush_control GL_KHR_debug GL_EXT_memory_object GL_EXT_memory_object_fd GL_NV_memory_object_sparse GL_KHR_parallel_shader_compile GL_KHR_no_error GL_KHR_robust_buffer_access_behavior GL_KHR_robustness GL_EXT_semaphore GL_EXT_semaphore_fd GL_NV_timeline_semaphore GL_KHR_shader_subgroup GL_KTX_buffer_region GL_NV_alpha_to_coverage_dither_control GL_NV_bindless_multi_draw_indirect GL_NV_bindless_multi_draw_indirect_count GL_NV_bindless_texture GL_NV_blend_equation_advanced GL_NV_
blend_equation_advanced_coherent GL_NVX_blend_equation_advanced_multi_draw_buffers GL_NV_blend_minmax_factor GL_NV_blend_square GL_NV_clip_space_w_scaling GL_NV_command_list GL_NV_compute_program5 GL_NV_compute_shader_derivatives GL_NV_conditional_render GL_NV_conservative_raster GL_NV_conservative_raster_dilate GL_NV_conservative_raster_pre_snap GL_NV_conservative_raster_pre_snap_triangles GL_NV_conservative_raster_underestimation GL_NV_copy_depth_to_color GL_NV_copy_image GL_NV_depth_buffer_float GL_NV_depth_clamp GL_NV_draw_texture GL_NV_draw_vulkan_image GL_NV_ES1_1_compatibility GL_NV_ES3_1_compatibility GL_NV_explicit_multisample GL_NV_feature_query GL_NV_fence GL_NV_fill_rectangle GL_NV_float_buffer GL_NV_fog_distance GL_NV_fragment_coverage_to_color GL_NV_fragment_program GL_NV_fragment_program_option GL_NV_fragment_program2 GL_NV_fragment_shader_barycentric GL_NV_fragment_shader_interlock GL_NV_framebuffer_mixed_samples GL_NV_framebuffer_multisample_coverage GL_NV_geometry_shader4 GL_NV_geometry_sha
der_passthrough GL_NV_gpu_program4 GL_NV_internalformat_sample_query GL_NV_gpu_program4_1 GL_NV_gpu_program5 GL_NV_gpu_program5_mem_extended GL_NV_gpu_program_fp64 GL_NV_gpu_program_multiview GL_NV_gpu_shader5 GL_NV_half_float GL_NV_light_max_exponent GL_NV_memory_attachment GL_NV_mesh_shader GL_NV_multisample_coverage GL_NV_multisample_filter_hint GL_NV_occlusion_query GL_NV_packed_depth_stencil GL_NV_parameter_buffer_object GL_NV_parameter_buffer_object2 GL_NV_path_rendering GL_NV_path_rendering_shared_edge GL_NV_pixel_data_range GL_NV_point_sprite GL_NV_primitive_restart GL_NV_primitive_shading_rate GL_NV_query_resource GL_NV_query_resource_tag GL_NV_register_combiners GL_NV_register_combiners2 GL_NV_representative_fragment_test GL_NV_sample_locations GL_NV_sample_mask_override_coverage GL_NV_scissor_exclusive GL_NV_shader_atomic_counters GL_NV_shader_atomic_float GL_NV_shader_atomic_float64 GL_NV_shader_atomic_fp16_vector GL_NV_shader_atomic_int64 GL_NV_shader_buffer_load GL_NV_shader_storage_buffer_obje
ct GL_NV_shader_subgroup_partitioned GL_NV_shader_texture_footprint GL_NV_shading_rate_image GL_NV_stereo_view_rendering GL_NV_texgen_reflection GL_NV_texture_barrier GL_NV_texture_compression_vtc GL_NV_texture_dirty_tile_map GL_NV_texture_env_combine4 GL_NV_texture_multisample GL_NV_texture_rectangle GL_NV_texture_rectangle_compressed GL_NV_texture_shader GL_NV_texture_shader2 GL_NV_texture_shader3 GL_NV_transform_feedback GL_NV_transform_feedback2 GL_NV_uniform_buffer_unified_memory GL_NV_uniform_buffer_std430_layout GL_NV_vdpau_interop GL_NV_vdpau_interop2 GL_NV_vertex_array_range GL_NV_vertex_array_range2 GL_NV_vertex_attrib_integer_64bit GL_NV_vertex_buffer_unified_memory GL_NV_vertex_program GL_NV_vertex_program1_1 GL_NV_vertex_program2 GL_NV_vertex_program2_option GL_NV_vertex_program3 GL_NV_viewport_array2 GL_NV_viewport_swizzle GL_NVX_conditional_render GL_NV_gpu_multicast GL_NVX_progress_fence GL_NVX_gpu_memory_info GL_NVX_nvenc_interop GL_NV_shader_thread_group GL_NV_shader_thread_shuffle GL_KHR_b
lend_equation_advanced GL_KHR_blend_equation_advanced_coherent GL_OVR_multiview GL_OVR_multiview2 GL_SGIS_generate_mipmap GL_SGIS_texture_lod GL_SGIX_depth_texture GL_SGIX_shadow GL_SUN_slice_accum
OPENGL LOG: Creating OpenGL 4.5 graphics device ; Context level  <OpenGL 4.5> ; Context handle 1555297400

(Unity:38051): GLib-GIO-CRITICAL **: 16:25:15.585: g_dbus_proxy_call_sync_internal: assertion 'G_IS_DBUS_PROXY (proxy)' failed

(Unity:38051): GLib-GIO-CRITICAL **: 16:25:15.598: g_dbus_proxy_call_sync_internal: assertion 'G_IS_DBUS_PROXY (proxy)' failed
Initialize mono
Mono path[0] = '/home/pine/Unity/Hub/Editor/6000.2.12f1/Editor/Data/Managed'
Mono path[1] = '/home/pine/Unity/Hub/Editor/6000.2.12f1/Editor/Data/MonoBleedingEdge/lib/mono/unityjit-linux'
Mono config path = '/home/pine/Unity/Hub/Editor/6000.2.12f1/Editor/Data/MonoBleedingEdge/etc'
Using monoOptions --debugger-agent=transport=dt_socket,embedding=1,server=y,suspend=n,address=127.0.0.1:56051
Using cacheserver namespaces - metadata:defaultmetadata, artifacts:defaultartifacts
Using cacheserver namespaces - metadata:defaultmetadata, artifacts:defaultartifacts
ImportWorker Server TCP listen port: 0
AcceleratorClientConnectionCallback - disconnected - :0

(Unity:38051): GLib-GIO-CRITICAL **: 16:25:15.637: g_dbus_proxy_call_sync_internal: assertion 'G_IS_DBUS_PROXY (proxy)' failed
Begin MonoManager ReloadAssembly
Registering precompiled unity dll's ...
Register platform support module: /home/pine/Unity/Hub/Editor/6000.2.12f1/Editor/Data/PlaybackEngines/LinuxStandaloneSupport/UnityEditor.LinuxStandalone.Extensions.dll
Registered in 0.002255 seconds.
- Loaded All Assemblies, in  0.374 seconds
Native extension for LinuxStandalone target not found

(Unity:38051): GLib-GIO-CRITICAL **: 16:25:16.129: g_dbus_proxy_call_sync_internal: assertion 'G_IS_DBUS_PROXY (proxy)' failed

(Unity:38051): GLib-GIO-CRITICAL **: 16:25:16.213: g_dbus_proxy_call_sync_internal: assertion 'G_IS_DBUS_PROXY (proxy)' failed

(Unity:38051): GLib-GIO-CRITICAL **: 16:25:16.215: g_dbus_proxy_call_sync_internal: assertion 'G_IS_DBUS_PROXY (proxy)' failed
Package Manager log level set to [2]

(Unity:38051): GLib-GIO-CRITICAL **: 16:25:16.270: g_dbus_proxy_call_sync_internal: assertion 'G_IS_DBUS_PROXY (proxy)' failed
Mono: successfully reloaded assembly

(Unity:38051): GLib-GIO-CRITICAL **: 16:25:16.285: g_dbus_proxy_call_sync_internal: assertion 'G_IS_DBUS_PROXY (proxy)' failed

(Unity:38051): GLib-GIO-CRITICAL **: 16:25:16.288: g_dbus_proxy_call_sync_internal: assertion 'G_IS_DBUS_PROXY (proxy)' failed
- Finished resetting the current domain, in  0.261 seconds
Domain Reload Profiling: 635ms
	BeginReloadAssembly (178ms)
		ExecutionOrderSort (0ms)
		DisableScriptedObjects (0ms)
		BackupInstance (0ms)
		ReleaseScriptingObjects (0ms)
		CreateAndSetChildDomain (1ms)
	RebuildCommonClasses (34ms)
	RebuildNativeTypeToScriptingClass (5ms)
	initialDomainReloadingComplete (41ms)
	LoadAllAssembliesAndSetupDomain (116ms)
		LoadAssemblies (178ms)
		RebuildTransferFunctionScriptingTraits (0ms)
		AnalyzeDomain (113ms)
			TypeCache.Refresh (112ms)
				TypeCache.ScanAssembly (101ms)
			BuildScriptInfoCaches (0ms)
			ResolveRequiredComponents (0ms)
	FinalizeReload (261ms)
		ReleaseScriptCaches (0ms)
		RebuildScriptCaches (0ms)
		SetupLoadedEditorAssemblies (235ms)
			LogAssemblyErrors (0ms)
			InitializePlatformSupportModulesInManaged (39ms)
			SetLoadedEditorAssemblies (4ms)
			BeforeProcessingInitializeOnLoad (44ms)
			ProcessInitializeOnLoadAttributes (88ms)
			ProcessInitializeOnLoadMethodAttributes (60ms)
			AfterProcessingInitializeOnLoad (0ms)
			EditorAssembliesLoaded (0ms)
		ExecutionOrderSort2 (0ms)
		AwakeInstancesAfterBackupRestoration (0ms)

(Unity:38051): GLib-GIO-CRITICAL **: 16:25:16.296: g_dbus_proxy_call_sync_internal: assertion 'G_IS_DBUS_PROXY (proxy)' failed
[Licensing::Client] Successfully resolved entitlement details

(Unity:38051): GLib-GIO-CRITICAL **: 16:25:16.301: g_dbus_proxy_call_sync_internal: assertion 'G_IS_DBUS_PROXY (proxy)' failed
Application.AssetDatabase Initial Refresh Start
[Package Manager] Restoring resolved packages state from cache
[Licensing::Client] Successfully resolved entitlement details
[Package Manager] Registered 63 packages:
  Packages from [https://packages.unity.com]:
    com.unity.2d.animation@12.0.2 (location: /home/pine/Documents/Game-Off-2025/Waves - gamejam/Library/PackageCache/com.unity.2d.animation@34e0443c58ed)
    com.unity.2d.aseprite@2.0.2 (location: /home/pine/Documents/Game-Off-2025/Waves - gamejam/Library/PackageCache/com.unity.2d.aseprite@dca42b450aa1)
    com.unity.2d.psdimporter@11.0.1 (location: /home/pine/Documents/Game-Off-2025/Waves - gamejam/Library/PackageCache/com.unity.2d.psdimporter@0adcab25a8fd)
    com.unity.2d.spriteshape@12.0.1 (location: /home/pine/Documents/Game-Off-2025/Waves - gamejam/Library/PackageCache/com.unity.2d.spriteshape@1d246726c231)
    com.unity.2d.tilemap.extras@5.0.1 (location: /home/pine/Documents/Game-Off-2025/Waves - gamejam/Library/PackageCache/com.unity.2d.tilemap.extras@2338d989ff2a)
    com.unity.collab-proxy@2.10.1 (location: /home/pine/Documents/Game-Off-2025/Waves - gamejam/Library/PackageCache/com.unity.collab-proxy@b8d65294b30f)
    com.unity.ide.rider@3.0.38 (location: /home/pine/Documents/Game-Off-2025/Waves - gamejam/Library/PackageCache/com.unity.ide.rider@1f60b3138684)
    com.unity.ide.visualstudio@2.0.25 (location: /home/pine/Documents/Game-Off-2025/Waves - gamejam/Library/PackageCache/com.unity.ide.visualstudio@74aa435fc4bb)
    com.unity.inputsystem@1.14.2 (location: /home/pine/Documents/Game-Off-2025/Waves - gamejam/Library/PackageCache/com.unity.inputsystem@be6c4fd0abf5)
    com.unity.timeline@1.8.9 (location: /home/pine/Documents/Game-Off-2025/Waves - gamejam/Library/PackageCache/com.unity.timeline@6b9e48457ddb)
    com.unity.visualscripting@1.9.8 (location: /home/pine/Documents/Game-Off-2025/Waves - gamejam/Library/PackageCache/com.unity.visualscripting@b4d700247d4b)
    com.unity.2d.common@11.0.1 (location: /home/pine/Documents/Game-Off-2025/Waves - gamejam/Library/PackageCache/com.unity.2d.common@dd402daace1b)
    com.unity.mathematics@1.3.2 (location: /home/pine/Documents/Game-Off-2025/Waves - gamejam/Library/PackageCache/com.unity.mathematics@8017b507cc74)
    com.unity.collections@2.6.2 (location: /home/pine/Documents/Game-Off-2025/Waves - gamejam/Library/PackageCache/com.unity.collections@aea9d3bd5e19)
    com.unity.searcher@4.9.3 (location: /home/pine/Documents/Game-Off-2025/Waves - gamejam/Library/PackageCache/com.unity.searcher@1e17ce91558d)
    com.unity.burst@1.8.25 (location: /home/pine/Documents/Game-Off-2025/Waves - gamejam/Library/PackageCache/com.unity.burst@1df634d836b8)
    com.unity.nuget.mono-cecil@1.11.5 (location: /home/pine/Documents/Game-Off-2025/Waves - gamejam/Library/PackageCache/com.unity.nuget.mono-cecil@d78732e851eb)
    com.unity.test-framework.performance@3.2.0 (location: /home/pine/Documents/Game-Off-2025/Waves - gamejam/Library/PackageCache/com.unity.test-framework.performance@0840f58e4562)
  Built-in packages:
    com.unity.2d.sprite@1.0.0 (location: /home/pine/Documents/Game-Off-2025/Waves - gamejam/Library/PackageCache/com.unity.2d.sprite@ec779eb7e23a)
    com.unity.2d.tilemap@1.0.0 (location: /home/pine/Documents/Game-Off-2025/Waves - gamejam/Library/PackageCache/com.unity.2d.tilemap@dadfd5fd938d)
    com.unity.multiplayer.center@1.0.0 (location: /home/pine/Documents/Game-Off-2025/Waves - gamejam/Library/PackageCache/com.unity.multiplayer.center@f5e57a8bed06)
    com.unity.render-pipelines.universal@17.2.0 (location: /home/pine/Documents/Game-Off-2025/Waves - gamejam/Library/PackageCache/com.unity.render-pipelines.universal@d329355a1f42)
    com.unity.test-framework@1.6.0 (location: /home/pine/Documents/Game-Off-2025/Waves - gamejam/Library/PackageCache/com.unity.test-framework@ec3b9352d485)
    com.unity.ugui@2.0.0 (location: /home/pine/Documents/Game-Off-2025/Waves - gamejam/Library/PackageCache/com.unity.ugui@fe9df2e66331)
    com.unity.modules.accessibility@1.0.0 (location: /home/pine/Unity/Hub/Editor/6000.2.12f1/Editor/Data/Resources/PackageManager/BuiltInPackages/com.unity.modules.accessibility)
    com.unity.modules.ai@1.0.0 (location: /home/pine/Unity/Hub/Editor/6000.2.12f1/Editor/Data/Resources/PackageManager/BuiltInPackages/com.unity.modules.ai)
    com.unity.modules.androidjni@1.0.0 (location: /home/pine/Unity/Hub/Editor/6000.2.12f1/Editor/Data/Resources/PackageManager/BuiltInPackages/com.unity.modules.androidjni)
    com.unity.modules.animation@1.0.0 (location: /home/pine/Unity/Hub/Editor/6000.2.12f1/Editor/Data/Resources/PackageManager/BuiltInPackages/com.unity.modules.animation)
    com.unity.modules.assetbundle@1.0.0 (location: /home/pine/Unity/Hub/Editor/6000.2.12f1/Editor/Data/Resources/PackageManager/BuiltInPackages/com.unity.modules.assetbundle)
    com.unity.modules.audio@1.0.0 (location: /home/pine/Unity/Hub/Editor/6000.2.12f1/Editor/Data/Resources/PackageManager/BuiltInPackages/com.unity.modules.audio)
    com.unity.modules.cloth@1.0.0 (location: /home/pine/Unity/Hub/Editor/6000.2.12f1/Editor/Data/Resources/PackageManager/BuiltInPackages/com.unity.modules.cloth)
    com.unity.modules.director@1.0.0 (location: /home/pine/Unity/Hub/Editor/6000.2.12f1/Editor/Data/Resources/PackageManager/BuiltInPackages/com.unity.modules.director)
    com.unity.modules.imageconversion@1.0.0 (location: /home/pine/Unity/Hub/Editor/6000.2.12f1/Editor/Data/Resources/PackageManager/BuiltInPackages/com.unity.modules.imageconversion)
    com.unity.modules.imgui@1.0.0 (location: /home/pine/Unity/Hub/Editor/6000.2.12f1/Editor/Data/Resources/PackageManager/BuiltInPackages/com.unity.modules.imgui)
    com.unity.modules.jsonserialize@1.0.0 (location: /home/pine/Unity/Hub/Editor/6000.2.12f1/Editor/Data/Resources/PackageManager/BuiltInPackages/com.unity.modules.jsonserialize)
    com.unity.modules.particlesystem@1.0.0 (location: /home/pine/Unity/Hub/Editor/6000.2.12f1/Editor/Data/Resources/PackageManager/BuiltInPackages/com.unity.modules.particlesystem)
    com.unity.modules.physics@1.0.0 (location: /home/pine/Unity/Hub/Editor/6000.2.12f1/Editor/Data/Resources/PackageManager/BuiltInPackages/com.unity.modules.physics)
    com.unity.modules.physics2d@1.0.0 (location: /home/pine/Unity/Hub/Editor/6000.2.12f1/Editor/Data/Resources/PackageManager/BuiltInPackages/com.unity.modules.physics2d)
    com.unity.modules.screencapture@1.0.0 (location: /home/pine/Unity/Hub/Editor/6000.2.12f1/Editor/Data/Resources/PackageManager/BuiltInPackages/com.unity.modules.screencapture)
    com.unity.modules.terrain@1.0.0 (location: /home/pine/Unity/Hub/Editor/6000.2.12f1/Editor/Data/Resources/PackageManager/BuiltInPackages/com.unity.modules.terrain)
    com.unity.modules.terrainphysics@1.0.0 (location: /home/pine/Unity/Hub/Editor/6000.2.12f1/Editor/Data/Resources/PackageManager/BuiltInPackages/com.unity.modules.terrainphysics)
    com.unity.modules.tilemap@1.0.0 (location: /home/pine/Unity/Hub/Editor/6000.2.12f1/Editor/Data/Resources/PackageManager/BuiltInPackages/com.unity.modules.tilemap)
    com.unity.modules.ui@1.0.0 (location: /home/pine/Unity/Hub/Editor/6000.2.12f1/Editor/Data/Resources/PackageManager/BuiltInPackages/com.unity.modules.ui)
    com.unity.modules.uielements@1.0.0 (location: /home/pine/Unity/Hub/Editor/6000.2.12f1/Editor/Data/Resources/PackageManager/BuiltInPackages/com.unity.modules.uielements)
    com.unity.modules.umbra@1.0.0 (location: /home/pine/Unity/Hub/Editor/6000.2.12f1/Editor/Data/Resources/PackageManager/BuiltInPackages/com.unity.modules.umbra)
    com.unity.modules.unityanalytics@1.0.0 (location: /home/pine/Unity/Hub/Editor/6000.2.12f1/Editor/Data/Resources/PackageManager/BuiltInPackages/com.unity.modules.unityanalytics)
    com.unity.modules.unitywebrequest@1.0.0 (location: /home/pine/Unity/Hub/Editor/6000.2.12f1/Editor/Data/Resources/PackageManager/BuiltInPackages/com.unity.modules.unitywebrequest)
    com.unity.modules.unitywebrequestassetbundle@1.0.0 (location: /home/pine/Unity/Hub/Editor/6000.2.12f1/Editor/Data/Resources/PackageManager/BuiltInPackages/com.unity.modules.unitywebrequestassetbundle)
    com.unity.modules.unitywebrequestaudio@1.0.0 (location: /home/pine/Unity/Hub/Editor/6000.2.12f1/Editor/Data/Resources/PackageManager/BuiltInPackages/com.unity.modules.unitywebrequestaudio)
    com.unity.modules.unitywebrequesttexture@1.0.0 (location: /home/pine/Unity/Hub/Editor/6000.2.12f1/Editor/Data/Resources/PackageManager/BuiltInPackages/com.unity.modules.unitywebrequesttexture)
    com.unity.modules.unitywebrequestwww@1.0.0 (location: /home/pine/Unity/Hub/Editor/6000.2.12f1/Editor/Data/Resources/PackageManager/BuiltInPackages/com.unity.modules.unitywebrequestwww)
    com.unity.modules.vehicles@1.0.0 (location: /home/pine/Unity/Hub/Editor/6000.2.12f1/Editor/Data/Resources/PackageManager/BuiltInPackages/com.unity.modules.vehicles)
    com.unity.modules.video@1.0.0 (location: /home/pine/Unity/Hub/Editor/6000.2.12f1/Editor/Data/Resources/PackageManager/BuiltInPackages/com.unity.modules.video)
    com.unity.modules.vr@1.0.0 (location: /home/pine/Unity/Hub/Editor/6000.2.12f1/Editor/Data/Resources/PackageManager/BuiltInPackages/com.unity.modules.vr)
    com.unity.modules.wind@1.0.0 (location: /home/pine/Unity/Hub/Editor/6000.2.12f1/Editor/Data/Resources/PackageManager/BuiltInPackages/com.unity.modules.wind)
    com.unity.modules.xr@1.0.0 (location: /home/pine/Unity/Hub/Editor/6000.2.12f1/Editor/Data/Resources/PackageManager/BuiltInPackages/com.unity.modules.xr)
    com.unity.modules.subsystems@1.0.0 (location: /home/pine/Unity/Hub/Editor/6000.2.12f1/Editor/Data/Resources/PackageManager/BuiltInPackages/com.unity.modules.subsystems)
    com.unity.modules.hierarchycore@1.0.0 (location: /home/pine/Unity/Hub/Editor/6000.2.12f1/Editor/Data/Resources/PackageManager/BuiltInPackages/com.unity.modules.hierarchycore)
    com.unity.ext.nunit@2.0.5 (location: /home/pine/Documents/Game-Off-2025/Waves - gamejam/Library/PackageCache/com.unity.ext.nunit@b16e6d09cd93)
    com.unity.render-pipelines.core@17.2.0 (location: /home/pine/Documents/Game-Off-2025/Waves - gamejam/Library/PackageCache/com.unity.render-pipelines.core@067a9473e596)
    com.unity.shadergraph@17.2.0 (location: /home/pine/Documents/Game-Off-2025/Waves - gamejam/Library/PackageCache/com.unity.shadergraph@a27f26e3de11)
    com.unity.render-pipelines.universal-config@17.0.3 (location: /home/pine/Documents/Game-Off-2025/Waves - gamejam/Library/PackageCache/com.unity.render-pipelines.universal-config@dbe3fd082d8f)
    com.unity.rendering.light-transport@1.0.1 (location: /home/pine/Documents/Game-Off-2025/Waves - gamejam/Library/PackageCache/com.unity.rendering.light-transport@b87e8bb2ed63)
[Subsystems] No new subsystems found in resolved package list.
[Package Manager] Done registering packages in 0.00 seconds
[ScriptCompilation] Requested script compilation because: Assetdatabase observed changes in script compilation related files
[40m[32minfo[39m[22m[49m: Microsoft.Hosting.Lifetime[14]
      Now listening on: http://unix:/tmp/ilpp.sock-7a65104114eb5db95aa0c1f2d1136219
[40m[32minfo[39m[22m[49m: Microsoft.Hosting.Lifetime[0]
      Application started. Press Ctrl+C to shut down.
[40m[32minfo[39m[22m[49m: Microsoft.Hosting.Lifetime[0]
      Hosting environment: Production
[40m[32minfo[39m[22m[49m: Microsoft.Hosting.Lifetime[0]
      Content root path: /home/pine/Documents/Game-Off-2025/Waves - gamejam/
[40m[32minfo[39m[22m[49m: Microsoft.AspNetCore.Hosting.Diagnostics[1]
      Request starting HTTP/2 POST http://ilpp/UnityILPP.PostProcessing/Ping application/grpc -
[40m[32minfo[39m[22m[49m: Microsoft.AspNetCore.Routing.EndpointMiddleware[0]
      Executing endpoint 'gRPC - /UnityILPP.PostProcessing/Ping'
[40m[32minfo[39m[22m[49m: Microsoft.AspNetCore.Routing.EndpointMiddleware[1]
      Executed endpoint 'gRPC - /UnityILPP.PostProcessing/Ping'
[40m[32minfo[39m[22m[49m: Microsoft.AspNetCore.Hosting.Diagnostics[2]
      Request finished HTTP/2 POST http://ilpp/UnityILPP.PostProcessing/Ping application/grpc - - 200 - application/grpc 37.8676ms
Starting: /home/pine/Unity/Hub/Editor/6000.2.12f1/Editor/Data/bee_backend --ipc --defer-dag-verification --dagfile="Library/Bee/2400b0aE.dag" --continue-on-failure --profile="Library/Bee/backend1.traceevents" ScriptAssemblies
WorkingDir: /home/pine/Documents/Game-Off-2025/Waves - gamejam
[40m[32minfo[39m[22m[49m: Microsoft.AspNetCore.Hosting.Diagnostics[1]
      Request starting HTTP/2 POST http://ilpp/UnityILPP.PostProcessing/ConfigurePostProcessors application/grpc -
[40m[32minfo[39m[22m[49m: Microsoft.AspNetCore.Routing.EndpointMiddleware[0]
      Executing endpoint 'gRPC - /UnityILPP.PostProcessing/ConfigurePostProcessors'
[40m[1m[33mwarn[39m[22m[49m: Unity.ILPP.Runner.PostProcessingAssemblyLoadContext[0]
      Assembly system.runtime.interopservices.windowsruntime has duplicate hint path. Ignoring "/home/pine/Unity/Hub/Editor/6000.2.12f1/Editor/Data/UnityReferenceAssemblies/unity-4.8-api/Facades/System.Runtime.InteropServices.WindowsRuntime.dll" in favor of "/home/pine/Unity/Hub/Editor/6000.2.12f1/Editor/Data/NetStandard/Extensions/2.0.0/System.Runtime.InteropServices.WindowsRuntime.dll"
[40m[1m[33mwarn[39m[22m[49m: Unity.ILPP.Runner.PostProcessingAssemblyLoadContext[0]
      Assembly system.componentmodel.composition has duplicate hint path. Ignoring "/home/pine/Unity/Hub/Editor/6000.2.12f1/Editor/Data/UnityReferenceAssemblies/unity-4.8-api/System.ComponentModel.Composition.dll" in favor of "/home/pine/Unity/Hub/Editor/6000.2.12f1/Editor/Data/NetStandard/compat/2.1.0/shims/netfx/System.ComponentModel.Composition.dll"
[40m[32minfo[39m[22m[49m: Unity.ILPP.Runner.PostProcessingAssemblyLoadContext[0]
      Resolved Unity.Burst.Cecil, Version=0.11.4.0, Culture=neutral, PublicKeyToken=50cebf1cceb9d05e with Library/PackageCache/com.unity.burst@1df634d836b8/Unity.Burst.CodeGen/Unity.Burst.Cecil.dll
[40m[32minfo[39m[22m[49m: Unity.ILPP.Runner.PostProcessingAssemblyLoadContext[0]
      Resolved Mono.Cecil, Version=0.11.5.0, Culture=neutral, PublicKeyToken=50cebf1cceb9d05e with Library/PackageCache/com.unity.nuget.mono-cecil@d78732e851eb/Mono.Cecil.dll
[40m[32minfo[39m[22m[49m: Microsoft.AspNetCore.Routing.EndpointMiddleware[1]
      Executed endpoint 'gRPC - /UnityILPP.PostProcessing/ConfigurePostProcessors'
[40m[32minfo[39m[22m[49m: Microsoft.AspNetCore.Hosting.Diagnostics[2]
      Request finished HTTP/2 POST http://ilpp/UnityILPP.PostProcessing/ConfigurePostProcessors application/grpc - - 200 - application/grpc 22.1633ms

(Unity:38051): GLib-GIO-CRITICAL **: 16:25:17.588: g_dbus_proxy_call_sync_internal: assertion 'G_IS_DBUS_PROXY (proxy)' failed

(Unity:38051): GLib-GIO-CRITICAL **: 16:25:17.593: g_dbus_proxy_call_sync_internal: assertion 'G_IS_DBUS_PROXY (proxy)' failed

(Unity:38051): GLib-GIO-CRITICAL **: 16:25:17.695: g_dbus_proxy_call_sync_internal: assertion 'G_IS_DBUS_PROXY (proxy)' failed

(Unity:38051): GLib-GIO-CRITICAL **: 16:25:17.799: g_dbus_proxy_call_sync_internal: assertion 'G_IS_DBUS_PROXY (proxy)' failed

(Unity:38051): GLib-GIO-CRITICAL **: 16:25:17.903: g_dbus_proxy_call_sync_internal: assertion 'G_IS_DBUS_PROXY (proxy)' failed

(Unity:38051): GLib-GIO-CRITICAL **: 16:25:18.008: g_dbus_proxy_call_sync_internal: assertion 'G_IS_DBUS_PROXY (proxy)' failed

(Unity:38051): GLib-GIO-CRITICAL **: 16:25:18.120: g_dbus_proxy_call_sync_internal: assertion 'G_IS_DBUS_PROXY (proxy)' failed

(Unity:38051): GLib-GIO-CRITICAL **: 16:25:18.231: g_dbus_proxy_call_sync_internal: assertion 'G_IS_DBUS_PROXY (proxy)' failed

(Unity:38051): GLib-GIO-CRITICAL **: 16:25:18.342: g_dbus_proxy_call_sync_internal: assertion 'G_IS_DBUS_PROXY (proxy)' failed

(Unity:38051): GLib-GIO-CRITICAL **: 16:25:18.456: g_dbus_proxy_call_sync_internal: assertion 'G_IS_DBUS_PROXY (proxy)' failed

(Unity:38051): GLib-GIO-CRITICAL **: 16:25:18.570: g_dbus_proxy_call_sync_internal: assertion 'G_IS_DBUS_PROXY (proxy)' failed

(Unity:38051): GLib-GIO-CRITICAL **: 16:25:18.683: g_dbus_proxy_call_sync_internal: assertion 'G_IS_DBUS_PROXY (proxy)' failed

(Unity:38051): GLib-GIO-CRITICAL **: 16:25:18.795: g_dbus_proxy_call_sync_internal: assertion 'G_IS_DBUS_PROXY (proxy)' failed

(Unity:38051): GLib-GIO-CRITICAL **: 16:25:18.907: g_dbus_proxy_call_sync_internal: assertion 'G_IS_DBUS_PROXY (proxy)' failed
ExitCode: 3 Duration: 1s459ms
[692/913    0s] ILPP-Configuration Library/ilpp-configuration.nevergeneratedoutput
[909/913    1s] Csc Library/Bee/artifacts/2400b0aE.dag/Assembly-CSharp.dll (+2 others)
##### CommandLine
"/home/pine/Unity/Hub/Editor/6000.2.12f1/Editor/Data/NetCoreRuntime/dotnet" exec "/home/pine/Unity/Hub/Editor/6000.2.12f1/Editor/Data/DotNetSdkRoslyn/csc.dll" /nostdlib /noconfig /shared "@Library/Bee/artifacts/2400b0aE.dag/Assembly-CSharp.rsp" "@Library/Bee/artifacts/2400b0aE.dag/Assembly-CSharp.rsp2"
##### Contents of Library/Bee/artifacts/2400b0aE.dag/Assembly-CSharp.rsp
-target:library
-out:"Library/Bee/artifacts/2400b0aE.dag/Assembly-CSharp.dll"
-refout:"Library/Bee/artifacts/2400b0aE.dag/Assembly-CSharp.ref.dll"
-define:UNITY_6000_2_12
-define:UNITY_6000_2
-define:UNITY_6000
-define:UNITY_5_3_OR_NEWER
-define:UNITY_5_4_OR_NEWER
-define:UNITY_5_5_OR_NEWER
-define:UNITY_5_6_OR_NEWER
-define:UNITY_2017_1_OR_NEWER
-define:UNITY_2017_2_OR_NEWER
-define:UNITY_2017_3_OR_NEWER
-define:UNITY_2017_4_OR_NEWER
-define:UNITY_2018_1_OR_NEWER
-define:UNITY_2018_2_OR_NEWER
-define:UNITY_2018_3_OR_NEWER
-define:UNITY_2018_4_OR_NEWER
-define:UNITY_2019_1_OR_NEWER
-define:UNITY_2019_2_OR_NEWER
-define:UNITY_2019_3_OR_NEWER
-define:UNITY_2019_4_OR_NEWER
-define:UNITY_2020_1_OR_NEWER
-define:UNITY_2020_2_OR_NEWER
-define:UNITY_2020_3_OR_NEWER
-define:UNITY_2021_1_OR_NEWER
-define:UNITY_2021_2_OR_NEWER
-define:UNITY_2021_3_OR_NEWER
-define:UNITY_2022_1_OR_NEWER
-define:UNITY_2022_2_OR_NEWER
-define:UNITY_2022_3_OR_NEWER
-define:UNITY_2023_1_OR_NEWER
-define:UNITY_2023_2_OR_NEWER
-define:UNITY_2023_3_OR_NEWER
-define:UNITY_6000_0_OR_NEWER
-define:UNITY_6000_1_OR_NEWER
-define:UNITY_6000_2_OR_NEWER
-define:PLATFORM_ARCH_64
-define:UNITY_64
-define:UNITY_INCLUDE_TESTS
-define:ENABLE_AUDIO
-define:ENABLE_CACHING
-define:ENABLE_CLOTH
-define:ENABLE_MICROPHONE
-define:ENABLE_MULTIPLE_DISPLAYS
-define:ENABLE_PHYSICS
-define:ENABLE_TEXTURE_STREAMING
-define:ENABLE_VIRTUALTEXTURING
-define:ENABLE_LZMA
-define:ENABLE_UNITYEVENTS
-define:ENABLE_VR
-define:ENABLE_WEBCAM
-define:ENABLE_UNITYWEBREQUEST
-define:ENABLE_WWW
-define:ENABLE_CLOUD_SERVICES
-define:ENABLE_CLOUD_SERVICES_ADS
-define:ENABLE_CLOUD_SERVICES_USE_WEBREQUEST
-define:ENABLE_UNITY_CONSENT
-define:ENABLE_UNITY_CLOUD_IDENTIFIERS
-define:ENABLE_CLOUD_SERVICES_CRASH_REPORTING
-define:ENABLE_CLOUD_SERVICES_PURCHASING
-define:ENABLE_CLOUD_SERVICES_ANALYTICS
-define:ENABLE_CLOUD_SERVICES_BUILD
-define:ENABLE_EDITOR_GAME_SERVICES
-define:ENABLE_UNITY_GAME_SERVICES_ANALYTICS_SUPPORT
-define:ENABLE_CLOUD_LICENSE
-define:ENABLE_EDITOR_HUB_LICENSE
-define:ENABLE_WEBSOCKET_CLIENT
-define:ENABLE_GENERATE_NATIVE_PLUGINS_FOR_ASSEMBLIES_API
-define:ENABLE_DIRECTOR_AUDIO
-define:ENABLE_DIRECTOR_TEXTURE
-define:ENABLE_MANAGED_JOBS
-define:ENABLE_MANAGED_TRANSFORM_JOBS
-define:ENABLE_MANAGED_ANIMATION_JOBS
-define:ENABLE_MANAGED_AUDIO_JOBS
-define:ENABLE_MANAGED_UNITYTLS
-define:INCLUDE_DYNAMIC_GI
-define:ENABLE_SCRIPTING_GC_WBARRIERS
-define:PLATFORM_SUPPORTS_MONO
-define:RENDER_SOFTWARE_CURSOR
-define:ENABLE_MARSHALLING_TESTS
-define:ENABLE_VIDEO
-define:ENABLE_NAVIGATION_OFFMESHLINK_TO_NAVMESHLINK
-define:ENABLE_ACCELERATOR_CLIENT_DEBUGGING
-define:TEXTCORE_1_0_OR_NEWER
-define:EDITOR_ONLY_NAVMESH_BUILDER_DEPRECATED
-define:PLATFORM_STANDALONE_LINUX
-define:PLATFORM_STANDALONE
-define:UNITY_STANDALONE_LINUX
-define:UNITY_STANDALONE
-define:UNITY_STANDALONE_LINUX_API
-define:ENABLE_RUNTIME_GI
-define:ENABLE_MOVIES
-define:ENABLE_NETWORK
-define:ENABLE_CRUNCH_TEXTURE_COMPRESSION
-define:ENABLE_CLUSTER_SYNC
-define:ENABLE_CLUSTERINPUT
-define:ENABLE_SPATIALTRACKING
-define:ENABLE_MODULAR_UNITYENGINE_ASSEMBLIES
-define:PLATFORM_SUPPORTS_SPLIT_GRAPHICS_JOBS
-define:PLATFORM_USES_EXPLICIT_MEMORY_MANAGER_INITIALIZER
-define:ENABLE_MONO
-define:NET_STANDARD_2_0
-define:NET_STANDARD
-define:NET_STANDARD_2_1
-define:NETSTANDARD
-define:NETSTANDARD2_1
-define:ENABLE_PROFILER
-define:DEBUG
-define:TRACE
-define:UNITY_ASSERTIONS
-define:UNITY_EDITOR
-define:UNITY_EDITOR_64
-define:UNITY_EDITOR_LINUX
-define:ENABLE_UNITY_COLLECTIONS_CHECKS
-define:ENABLE_BURST_AOT
-define:UNITY_TEAM_LICENSE
-define:ENABLE_CUSTOM_RENDER_TEXTURE
-define:ENABLE_DIRECTOR
-define:ENABLE_LOCALIZATION
-define:ENABLE_SPRITES
-define:ENABLE_TERRAIN
-define:ENABLE_TILEMAP
-define:ENABLE_TIMELINE
-define:ENABLE_INPUT_SYSTEM
-define:TEXTCORE_FONT_ENGINE_1_5_OR_NEWER
-define:TEXTCORE_TEXT_ENGINE_1_5_OR_NEWER
-define:CSHARP_7_OR_LATER
-define:CSHARP_7_3_OR_NEWER
-r:"/home/pine/Unity/Hub/Editor/6000.2.12f1/Editor/Data/Managed/UnityEngine/UnityEditor.AccessibilityModule.dll"
-r:"/home/pine/Unity/Hub/Editor/6000.2.12f1/Editor/Data/Managed/UnityEngine/UnityEditor.AdaptivePerformanceModule.dll"
-r:"/home/pine/Unity/Hub/Editor/6000.2.12f1/Editor/Data/Managed/UnityEngine/UnityEditor.BuildProfileModule.dll"
-r:"/home/pine/Unity/Hub/Editor/6000.2.12f1/Editor/Data/Managed/UnityEngine/UnityEditor.ClothModule.dll"
-r:"/home/pine/Unity/Hub/Editor/6000.2.12f1/Editor/Data/Managed/UnityEngine/UnityEditor.CoreBusinessMetricsModule.dll"
-r:"/home/pine/Unity/Hub/Editor/6000.2.12f1/Editor/Data/Managed/UnityEngine/UnityEditor.CoreModule.dll"
-r:"/home/pine/Unity/Hub/Editor/6000.2.12f1/Editor/Data/Managed/UnityEngine/UnityEditor.DeviceSimulatorModule.dll"
-r:"/home/pine/Unity/Hub/Editor/6000.2.12f1/Editor/Data/Managed/UnityEngine/UnityEditor.DiagnosticsModule.dll"
-r:"/home/pine/Unity/Hub/Editor/6000.2.12f1/Editor/Data/Managed/UnityEngine/UnityEditor.EditorToolbarModule.dll"
-r:"/home/pine/Unity/Hub/Editor/6000.2.12f1/Editor/Data/Managed/UnityEngine/UnityEditor.EmbreeModule.dll"
-r:"/home/pine/Unity/Hub/Editor/6000.2.12f1/Editor/Data/Managed/UnityEngine/UnityEditor.GIModule.dll"
-r:"/home/pine/Unity/Hub/Editor/6000.2.12f1/Editor/Data/Managed/UnityEngine/UnityEditor.GraphViewModule.dll"
-r:"/home/pine/Unity/Hub/Editor/6000.2.12f1/Editor/Data/Managed/UnityEngine/UnityEditor.GraphicsStateCollectionSerializerModule.dll"
-r:"/home/pine/Unity/Hub/Editor/6000.2.12f1/Editor/Data/Managed/UnityEngine/UnityEditor.GridAndSnapModule.dll"
-r:"/home/pine/Unity/Hub/Editor/6000.2.12f1/Editor/Data/Managed/UnityEngine/UnityEditor.GridModule.dll"
-r:"/home/pine/Unity/Hub/Editor/6000.2.12f1/Editor/Data/Managed/UnityEngine/UnityEditor.InAppPurchasingModule.dll"
-r:"/home/pine/Unity/Hub/Editor/6000.2.12f1/Editor/Data/Managed/UnityEngine/UnityEditor.LevelPlayModule.dll"
-r:"/home/pine/Unity/Hub/Editor/6000.2.12f1/Editor/Data/Managed/UnityEngine/UnityEditor.MultiplayerModule.dll"
-r:"/home/pine/Unity/Hub/Editor/6000.2.12f1/Editor/Data/Managed/UnityEngine/UnityEditor.Physics2DModule.dll"
-r:"/home/pine/Unity/Hub/Editor/6000.2.12f1/Editor/Data/Managed/UnityEngine/UnityEditor.PhysicsModule.dll"
-r:"/home/pine/Unity/Hub/Editor/6000.2.12f1/Editor/Data/Managed/UnityEngine/UnityEditor.PresetsUIModule.dll"
-r:"/home/pine/Unity/Hub/Editor/6000.2.12f1/Editor/Data/Managed/UnityEngine/UnityEditor.PropertiesModule.dll"
-r:"/home/pine/Unity/Hub/Editor/6000.2.12f1/Editor/Data/Managed/UnityEngine/UnityEditor.QuickSearchModule.dll"
-r:"/home/pine/Unity/Hub/Editor/6000.2.12f1/Editor/Data/Managed/UnityEngine/UnityEditor.SafeModeModule.dll"
-r:"/home/pine/Unity/Hub/Editor/6000.2.12f1/Editor/Data/Managed/UnityEngine/UnityEditor.SceneTemplateModule.dll"
-r:"/home/pine/Unity/Hub/Editor/6000.2.12f1/Editor/Data/Managed/UnityEngine/UnityEditor.SceneViewModule.dll"
-r:"/home/pine/Unity/Hub/Editor/6000.2.12f1/Editor/Data/Managed/UnityEngine/UnityEditor.ShaderFoundryModule.dll"
-r:"/home/pine/Unity/Hub/Editor/6000.2.12f1/Editor/Data/Managed/UnityEngine/UnityEditor.SketchUpModule.dll"
-r:"/home/pine/Unity/Hub/Editor/6000.2.12f1/Editor/Data/Managed/UnityEngine/UnityEditor.SpriteMaskModule.dll"
-r:"/home/pine/Unity/Hub/Editor/6000.2.12f1/Editor/Data/Managed/UnityEngine/UnityEditor.SpriteShapeModule.dll"
-r:"/home/pine/Unity/Hub/Editor/6000.2.12f1/Editor/Data/Managed/UnityEngine/UnityEditor.SubstanceModule.dll"
-r:"/home/pine/Unity/Hub/Editor/6000.2.12f1/Editor/Data/Managed/UnityEngine/UnityEditor.TerrainModule.dll"
-r:"/home/pine/Unity/Hub/Editor/6000.2.12f1/Editor/Data/Managed/UnityEngine/UnityEditor.TextCoreFontEngineModule.dll"
-r:"/home/pine/Unity/Hub/Editor/6000.2.12f1/Editor/Data/Managed/UnityEngine/UnityEditor.TextCoreTextEngineModule.dll"
-r:"/home/pine/Unity/Hub/Editor/6000.2.12f1/Editor/Data/Managed/UnityEngine/UnityEditor.TextRenderingModule.dll"
-r:"/home/pine/Unity/Hub/Editor/6000.2.12f1/Editor/Data/Managed/UnityEngine/UnityEditor.TilemapModule.dll"
-r:"/home/pine/Unity/Hub/Editor/6000.2.12f1/Editor/Data/Managed/UnityEngine/UnityEditor.TreeModule.dll"
-r:"/home/pine/Unity/Hub/Editor/6000.2.12f1/Editor/Data/Managed/UnityEngine/UnityEditor.UIAutomationModule.dll"
-r:"/home/pine/Unity/Hub/Editor/6000.2.12f1/Editor/Data/Managed/UnityEngine/UnityEditor.UIBuilderModule.dll"
-r:"/home/pine/Unity/Hub/Editor/6000.2.12f1/Editor/Data/Managed/UnityEngine/UnityEditor.UIElementsModule.dll"
-r:"/home/pine/Unity/Hub/Editor/6000.2.12f1/Editor/Data/Managed/UnityEngine/UnityEditor.UIElementsSamplesModule.dll"
-r:"/home/pine/Unity/Hub/Editor/6000.2.12f1/Editor/Data/Managed/UnityEngine/UnityEditor.UmbraModule.dll"
-r:"/home/pine/Unity/Hub/Editor/6000.2.12f1/Editor/Data/Managed/UnityEngine/UnityEditor.UnityConnectModule.dll"
-r:"/home/pine/Unity/Hub/Editor/6000.2.12f1/Editor/Data/Managed/UnityEngine/UnityEditor.VFXModule.dll"
-r:"/home/pine/Unity/Hub/Editor/6000.2.12f1/Editor/Data/Managed/UnityEngine/UnityEditor.VideoModule.dll"
-r:"/home/pine/Unity/Hub/Editor/6000.2.12f1/Editor/Data/Managed/UnityEngine/UnityEditor.XRModule.dll"
-r:"/home/pine/Unity/Hub/Editor/6000.2.12f1/Editor/Data/Managed/UnityEngine/UnityEditor.dll"
-r:"/home/pine/Unity/Hub/Editor/6000.2.12f1/Editor/Data/Managed/UnityEngine/UnityEngine.AIModule.dll"
-r:"/home/pine/Unity/Hub/Editor/6000.2.12f1/Editor/Data/Managed/UnityEngine/UnityEngine.AccessibilityModule.dll"
-r:"/home/pine/Unity/Hub/Editor/6000.2.12f1/Editor/Data/Managed/UnityEngine/UnityEngine.AndroidJNIModule.dll"
-r:"/home/pine/Unity/Hub/Editor/6000.2.12f1/Editor/Data/Managed/UnityEngine/UnityEngine.AnimationModule.dll"
-r:"/home/pine/Unity/Hub/Editor/6000.2.12f1/Editor/Data/Managed/UnityEngine/UnityEngine.AssetBundleModule.dll"
-r:"/home/pine/Unity/Hub/Editor/6000.2.12f1/Editor/Data/Managed/UnityEngine/UnityEngine.AudioModule.dll"
-r:"/home/pine/Unity/Hub/Editor/6000.2.12f1/Editor/Data/Managed/UnityEngine/UnityEngine.ClothModule.dll"
-r:"/home/pine/Unity/Hub/Editor/6000.2.12f1/Editor/Data/Managed/UnityEngine/UnityEngine.ClusterInputModule.dll"
-r:"/home/pine/Unity/Hub/Editor/6000.2.12f1/Editor/Data/Managed/UnityEngine/UnityEngine.ClusterRendererModule.dll"
-r:"/home/pine/Unity/Hub/Editor/6000.2.12f1/Editor/Data/Managed/UnityEngine/UnityEngine.ContentLoadModule.dll"
-r:"/home/pine/Unity/Hub/Editor/6000.2.12f1/Editor/Data/Managed/UnityEngine/UnityEngine.CoreModule.dll"
-r:"/home/pine/Unity/Hub/Editor/6000.2.12f1/Editor/Data/Managed/UnityEngine/UnityEngine.CrashReportingModule.dll"
-r:"/home/pine/Unity/Hub/Editor/6000.2.12f1/Editor/Data/Managed/UnityEngine/UnityEngine.DSPGraphModule.dll"
-r:"/home/pine/Unity/Hub/Editor/6000.2.12f1/Editor/Data/Managed/UnityEngine/UnityEngine.DirectorModule.dll"
-r:"/home/pine/Unity/Hub/Editor/6000.2.12f1/Editor/Data/Managed/UnityEngine/UnityEngine.GIModule.dll"
-r:"/home/pine/Unity/Hub/Editor/6000.2.12f1/Editor/Data/Managed/UnityEngine/UnityEngine.GameCenterModule.dll"
-r:"/home/pine/Unity/Hub/Editor/6000.2.12f1/Editor/Data/Managed/UnityEngine/UnityEngine.GraphicsStateCollectionSerializerModule.dll"
-r:"/home/pine/Unity/Hub/Editor/6000.2.12f1/Editor/Data/Managed/UnityEngine/UnityEngine.GridModule.dll"
-r:"/home/pine/Unity/Hub/Editor/6000.2.12f1/Editor/Data/Managed/UnityEngine/UnityEngine.HierarchyCoreModule.dll"
-r:"/home/pine/Unity/Hub/Editor/6000.2.12f1/Editor/Data/Managed/UnityEngine/UnityEngine.HotReloadModule.dll"
-r:"/home/pine/Unity/Hub/Editor/6000.2.12f1/Editor/Data/Managed/UnityEngine/UnityEngine.IMGUIModule.dll"
-r:"/home/pine/Unity/Hub/Editor/6000.2.12f1/Editor/Data/Managed/UnityEngine/UnityEngine.IdentifiersModule.dll"
-r:"/home/pine/Unity/Hub/Editor/6000.2.12f1/Editor/Data/Managed/UnityEngine/UnityEngine.ImageConversionModule.dll"
-r:"/home/pine/Unity/Hub/Editor/6000.2.12f1/Editor/Data/Managed/UnityEngine/UnityEngine.InputForUIModule.dll"
-r:"/home/pine/Unity/Hub/Editor/6000.2.12f1/Editor/Data/Managed/UnityEngine/UnityEngine.InputLegacyModule.dll"
-r:"/home/pine/Unity/Hub/Editor/6000.2.12f1/Editor/Data/Managed/UnityEngine/UnityEngine.InputModule.dll"
-r:"/home/pine/Unity/Hub/Editor/6000.2.12f1/Editor/Data/Managed/UnityEngine/UnityEngine.JSONSerializeModule.dll"
-r:"/home/pine/Unity/Hub/Editor/6000.2.12f1/Editor/Data/Managed/UnityEngine/UnityEngine.LocalizationModule.dll"
-r:"/home/pine/Unity/Hub/Editor/6000.2.12f1/Editor/Data/Managed/UnityEngine/UnityEngine.MarshallingModule.dll"
-r:"/home/pine/Unity/Hub/Editor/6000.2.12f1/Editor/Data/Managed/UnityEngine/UnityEngine.MultiplayerModule.dll"
-r:"/home/pine/Unity/Hub/Editor/6000.2.12f1/Editor/Data/Managed/UnityEngine/UnityEngine.ParticleSystemModule.dll"
-r:"/home/pine/Unity/Hub/Editor/6000.2.12f1/Editor/Data/Managed/UnityEngine/UnityEngine.PerformanceReportingModule.dll"
-r:"/home/pine/Unity/Hub/Editor/6000.2.12f1/Editor/Data/Managed/UnityEngine/UnityEngine.Physics2DModule.dll"
-r:"/home/pine/Unity/Hub/Editor/6000.2.12f1/Editor/Data/Managed/UnityEngine/UnityEngine.PhysicsModule.dll"
-r:"/home/pine/Unity/Hub/Editor/6000.2.12f1/Editor/Data/Managed/UnityEngine/UnityEngine.PropertiesModule.dll"
-r:"/home/pine/Unity/Hub/Editor/6000.2.12f1/Editor/Data/Managed/UnityEngine/UnityEngine.RuntimeInitializeOnLoadManagerInitializerModule.dll"
-r:"/home/pine/Unity/Hub/Editor/6000.2.12f1/Editor/Data/Managed/UnityEngine/UnityEngine.ScreenCaptureModule.dll"
-r:"/home/pine/Unity/Hub/Editor/6000.2.12f1/Editor/Data/Managed/UnityEngine/UnityEngine.ShaderVariantAnalyticsModule.dll"
-r:"/home/pine/Unity/Hub/Editor/6000.2.12f1/Editor/Data/Managed/UnityEngine/UnityEngine.SharedInternalsModule.dll"
-r:"/home/pine/Unity/Hub/Editor/6000.2.12f1/Editor/Data/Managed/UnityEngine/UnityEngine.SpriteMaskModule.dll"
-r:"/home/pine/Unity/Hub/Editor/6000.2.12f1/Editor/Data/Managed/UnityEngine/UnityEngine.SpriteShapeModule.dll"
-r:"/home/pine/Unity/Hub/Editor/6000.2.12f1/Editor/Data/Managed/UnityEngine/UnityEngine.StreamingModule.dll"
-r:"/home/pine/Unity/Hub/Editor/6000.2.12f1/Editor/Data/Managed/UnityEngine/UnityEngine.SubstanceModule.dll"
-r:"/home/pine/Unity/Hub/Editor/6000.2.12f1/Editor/Data/Managed/UnityEngine/UnityEngine.SubsystemsModule.dll"
-r:"/home/pine/Unity/Hub/Editor/6000.2.12f1/Editor/Data/Managed/UnityEngine/UnityEngine.TLSModule.dll"
-r:"/home/pine/Unity/Hub/Editor/6000.2.12f1/Editor/Data/Managed/UnityEngine/UnityEngine.TerrainModule.dll"
-r:"/home/pine/Unity/Hub/Editor/6000.2.12f1/Editor/Data/Managed/UnityEngine/UnityEngine.TerrainPhysicsModule.dll"
-r:"/home/pine/Unity/Hub/Editor/6000.2.12f1/Editor/Data/Managed/UnityEngine/UnityEngine.TextCoreFontEngineModule.dll"
-r:"/home/pine/Unity/Hub/Editor/6000.2.12f1/Editor/Data/Managed/UnityEngine/UnityEngine.TextCoreTextEngineModule.dll"
-r:"/home/pine/Unity/Hub/Editor/6000.2.12f1/Editor/Data/Managed/UnityEngine/UnityEngine.TextRenderingModule.dll"
-r:"/home/pine/Unity/Hub/Editor/6000.2.12f1/Editor/Data/Managed/UnityEngine/UnityEngine.TilemapModule.dll"
-r:"/home/pine/Unity/Hub/Editor/6000.2.12f1/Editor/Data/Managed/UnityEngine/UnityEngine.UIElementsModule.dll"
-r:"/home/pine/Unity/Hub/Editor/6000.2.12f1/Editor/Data/Managed/UnityEngine/UnityEngine.UIModule.dll"
-r:"/home/pine/Unity/Hub/Editor/6000.2.12f1/Editor/Data/Managed/UnityEngine/UnityEngine.UmbraModule.dll"
-r:"/home/pine/Unity/Hub/Editor/6000.2.12f1/Editor/Data/Managed/UnityEngine/UnityEngine.UnityAnalyticsCommonModule.dll"
-r:"/home/pine/Unity/Hub/Editor/6000.2.12f1/Editor/Data/Managed/UnityEngine/UnityEngine.UnityAnalyticsModule.dll"
-r:"/home/pine/Unity/Hub/Editor/6000.2.12f1/Editor/Data/Managed/UnityEngine/UnityEngine.UnityConnectModule.dll"
-r:"/home/pine/Unity/Hub/Editor/6000.2.12f1/Editor/Data/Managed/UnityEngine/UnityEngine.UnityConsentModule.dll"
-r:"/home/pine/Unity/Hub/Editor/6000.2.12f1/Editor/Data/Managed/UnityEngine/UnityEngine.UnityCurlModule.dll"
-r:"/home/pine/Unity/Hub/Editor/6000.2.12f1/Editor/Data/Managed/UnityEngine/UnityEngine.UnityTestProtocolModule.dll"
-r:"/home/pine/Unity/Hub/Editor/6000.2.12f1/Editor/Data/Managed/UnityEngine/UnityEngine.UnityWebRequestAssetBundleModule.dll"
-r:"/home/pine/Unity/Hub/Editor/6000.2.12f1/Editor/Data/Managed/UnityEngine/UnityEngine.UnityWebRequestAudioModule.dll"
-r:"/home/pine/Unity/Hub/Editor/6000.2.12f1/Editor/Data/Managed/UnityEngine/UnityEngine.UnityWebRequestModule.dll"
-r:"/home/pine/Unity/Hub/Editor/6000.2.12f1/Editor/Data/Managed/UnityEngine/UnityEngine.UnityWebRequestTextureModule.dll"
-r:"/home/pine/Unity/Hub/Editor/6000.2.12f1/Editor/Data/Managed/UnityEngine/UnityEngine.UnityWebRequestWWWModule.dll"
-r:"/home/pine/Unity/Hub/Editor/6000.2.12f1/Editor/Data/Managed/UnityEngine/UnityEngine.VFXModule.dll"
-r:"/home/pine/Unity/Hub/Editor/6000.2.12f1/Editor/Data/Managed/UnityEngine/UnityEngine.VRModule.dll"
-r:"/home/pine/Unity/Hub/Editor/6000.2.12f1/Editor/Data/Managed/UnityEngine/UnityEngine.VehiclesModule.dll"
-r:"/home/pine/Unity/Hub/Editor/6000.2.12f1/Editor/Data/Managed/UnityEngine/UnityEngine.VideoModule.dll"
-r:"/home/pine/Unity/Hub/Editor/6000.2.12f1/Editor/Data/Managed/UnityEngine/UnityEngine.VirtualTexturingModule.dll"
-r:"/home/pine/Unity/Hub/Editor/6000.2.12f1/Editor/Data/Managed/UnityEngine/UnityEngine.WindModule.dll"
-r:"/home/pine/Unity/Hub/Editor/6000.2.12f1/Editor/Data/Managed/UnityEngine/UnityEngine.XRModule.dll"
-r:"/home/pine/Unity/Hub/Editor/6000.2.12f1/Editor/Data/Managed/UnityEngine/UnityEngine.dll"
-r:"/home/pine/Unity/Hub/Editor/6000.2.12f1/Editor/Data/NetStandard/Extensions/2.0.0/System.Runtime.InteropServices.WindowsRuntime.dll"
-r:"/home/pine/Unity/Hub/Editor/6000.2.12f1/Editor/Data/NetStandard/compat/2.1.0/shims/netfx/System.ComponentModel.Composition.dll"
-r:"/home/pine/Unity/Hub/Editor/6000.2.12f1/Editor/Data/NetStandard/compat/2.1.0/shims/netfx/System.Core.dll"
-r:"/home/pine/Unity/Hub/Editor/6000.2.12f1/Editor/Data/NetStandard/compat/2.1.0/shims/netfx/System.Data.dll"
-r:"/home/pine/Unity/Hub/Editor/6000.2.12f1/Editor/Data/NetStandard/compat/2.1.0/shims/netfx/System.Drawing.dll"
-r:"/home/pine/Unity/Hub/Editor/6000.2.12f1/Editor/Data/NetStandard/compat/2.1.0/shims/netfx/System.IO.Compression.FileSystem.dll"
-r:"/home/pine/Unity/Hub/Editor/6000.2.12f1/Editor/Data/NetStandard/compat/2.1.0/shims/netfx/System.Net.dll"
-r:"/home/pine/Unity/Hub/Editor/6000.2.12f1/Editor/Data/NetStandard/compat/2.1.0/shims/netfx/System.Numerics.dll"
-r:"/home/pine/Unity/Hub/Editor/6000.2.12f1/Editor/Data/NetStandard/compat/2.1.0/shims/netfx/System.Runtime.Serialization.dll"
-r:"/home/pine/Unity/Hub/Editor/6000.2.12f1/Editor/Data/NetStandard/compat/2.1.0/shims/netfx/System.ServiceModel.Web.dll"
-r:"/home/pine/Unity/Hub/Editor/6000.2.12f1/Editor/Data/NetStandard/compat/2.1.0/shims/netfx/System.Transactions.dll"
-r:"/home/pine/Unity/Hub/Editor/6000.2.12f1/Editor/Data/NetStandard/compat/2.1.0/shims/netfx/System.Web.dll"
-r:"/home/pine/Unity/Hub/Editor/6000.2.12f1/Editor/Data/NetStandard/compat/2.1.0/shims/netfx/System.Windows.dll"
-r:"/home/pine/Unity/Hub/Editor/6000.2.12f1/Editor/Data/NetStandard/compat/2.1.0/shims/netfx/System.Xml.Linq.dll"
-r:"/home/pine/Unity/Hub/Editor/6000.2.12f1/Editor/Data/NetStandard/compat/2.1.0/shims/netfx/System.Xml.Serialization.dll"
-r:"/home/pine/Unity/Hub/Editor/6000.2.12f1/Editor/Data/NetStandard/compat/2.1.0/shims/netfx/System.Xml.dll"
-r:"/home/pine/Unity/Hub/Editor/6000.2.12f1/Editor/Data/NetStandard/compat/2.1.0/shims/netfx/System.dll"
-r:"/home/pine/Unity/Hub/Editor/6000.2.12f1/Editor/Data/NetStandard/compat/2.1.0/shims/netfx/mscorlib.dll"
-r:"/home/pine/Unity/Hub/Editor/6000.2.12f1/Editor/Data/NetStandard/compat/2.1.0/shims/netstandard/Microsoft.Win32.Primitives.dll"
-r:"/home/pine/Unity/Hub/Editor/6000.2.12f1/Editor/Data/NetStandard/compat/2.1.0/shims/netstandard/System.AppContext.dll"
-r:"/home/pine/Unity/Hub/Editor/6000.2.12f1/Editor/Data/NetStandard/compat/2.1.0/shims/netstandard/System.Buffers.dll"
-r:"/home/pine/Unity/Hub/Editor/6000.2.12f1/Editor/Data/NetStandard/compat/2.1.0/shims/netstandard/System.Collections.Concurrent.dll"
-r:"/home/pine/Unity/Hub/Editor/6000.2.12f1/Editor/Data/NetStandard/compat/2.1.0/shims/netstandard/System.Collections.NonGeneric.dll"
-r:"/home/pine/Unity/Hub/Editor/6000.2.12f1/Editor/Data/NetStandard/compat/2.1.0/shims/netstandard/System.Collections.Specialized.dll"
-r:"/home/pine/Unity/Hub/Editor/6000.2.12f1/Editor/Data/NetStandard/compat/2.1.0/shims/netstandard/System.Collections.dll"
-r:"/home/pine/Unity/Hub/Editor/6000.2.12f1/Editor/Data/NetStandard/compat/2.1.0/shims/netstandard/System.ComponentModel.EventBasedAsync.dll"
-r:"/home/pine/Unity/Hub/Editor/6000.2.12f1/Editor/Data/NetStandard/compat/2.1.0/shims/netstandard/System.ComponentModel.Primitives.dll"
-r:"/home/pine/Unity/Hub/Editor/6000.2.12f1/Editor/Data/NetStandard/compat/2.1.0/shims/netstandard/System.ComponentModel.TypeConverter.dll"
-r:"/home/pine/Unity/Hub/Editor/6000.2.12f1/Editor/Data/NetStandard/compat/2.1.0/shims/netstandard/System.ComponentModel.dll"
-r:"/home/pine/Unity/Hub/Editor/6000.2.12f1/Editor/Data/NetStandard/compat/2.1.0/shims/netstandard/System.Console.dll"
-r:"/home/pine/Unity/Hub/Editor/6000.2.12f1/Editor/Data/NetStandard/compat/2.1.0/shims/netstandard/System.Data.Common.dll"
-r:"/home/pine/Unity/Hub/Editor/6000.2.12f1/Editor/Data/NetStandard/compat/2.1.0/shims/netstandard/System.Diagnostics.Contracts.dll"
-r:"/home/pine/Unity/Hub/Editor/6000.2.12f1/Editor/Data/NetStandard/compat/2.1.0/shims/netstandard/System.Diagnostics.Debug.dll"
-r:"/home/pine/Unity/Hub/Editor/6000.2.12f1/Editor/Data/NetStandard/compat/2.1.0/shims/netstandard/System.Diagnostics.FileVersionInfo.dll"
-r:"/home/pine/Unity/Hub/Editor/6000.2.12f1/Editor/Data/NetStandard/compat/2.1.0/shims/netstandard/System.Diagnostics.Process.dll"
-r:"/home/pine/Unity/Hub/Editor/6000.2.12f1/Editor/Data/NetStandard/compat/2.1.0/shims/netstandard/System.Diagnostics.StackTrace.dll"
-r:"/home/pine/Unity/Hub/Editor/6000.2.12f1/Editor/Data/NetStandard/compat/2.1.0/shims/netstandard/System.Diagnostics.TextWriterTraceListener.dll"
-r:"/home/pine/Unity/Hub/Editor/6000.2.12f1/Editor/Data/NetStandard/compat/2.1.0/shims/netstandard/System.Diagnostics.Tools.dll"
-r:"/home/pine/Unity/Hub/Editor/6000.2.12f1/Editor/Data/NetStandard/compat/2.1.0/shims/netstandard/System.Diagnostics.TraceSource.dll"
-r:"/home/pine/Unity/Hub/Editor/6000.2.12f1/Editor/Data/NetStandard/compat/2.1.0/shims/netstandard/System.Diagnostics.Tracing.dll"
-r:"/home/pine/Unity/Hub/Editor/6000.2.12f1/Editor/Data/NetStandard/compat/2.1.0/shims/netstandard/System.Drawing.Primitives.dll"
-r:"/home/pine/Unity/Hub/Editor/6000.2.12f1/Editor/Data/NetStandard/compat/2.1.0/shims/netstandard/System.Dynamic.Runtime.dll"
-r:"/home/pine/Unity/Hub/Editor/6000.2.12f1/Editor/Data/NetStandard/compat/2.1.0/shims/netstandard/System.Globalization.Calendars.dll"
-r:"/home/pine/Unity/Hub/Editor/6000.2.12f1/Editor/Data/NetStandard/compat/2.1.0/shims/netstandard/System.Globalization.Extensions.dll"
-r:"/home/pine/Unity/Hub/Editor/6000.2.12f1/Editor/Data/NetStandard/compat/2.1.0/shims/netstandard/System.Globalization.dll"
-r:"/home/pine/Unity/Hub/Editor/6000.2.12f1/Editor/Data/NetStandard/compat/2.1.0/shims/netstandard/System.IO.Compression.ZipFile.dll"
-r:"/home/pine/Unity/Hub/Editor/6000.2.12f1/Editor/Data/NetStandard/compat/2.1.0/shims/netstandard/System.IO.Compression.dll"
-r:"/home/pine/Unity/Hub/Editor/6000.2.12f1/Editor/Data/NetStandard/compat/2.1.0/shims/netstandard/System.IO.FileSystem.DriveInfo.dll"
-r:"/home/pine/Unity/Hub/Editor/6000.2.12f1/Editor/Data/NetStandard/compat/2.1.0/shims/netstandard/System.IO.FileSystem.Primitives.dll"
-r:"/home/pine/Unity/Hub/Editor/6000.2.12f1/Editor/Data/NetStandard/compat/2.1.0/shims/netstandard/System.IO.FileSystem.Watcher.dll"
-r:"/home/pine/Unity/Hub/Editor/6000.2.12f1/Editor/Data/NetStandard/compat/2.1.0/shims/netstandard/System.IO.FileSystem.dll"
-r:"/home/pine/Unity/Hub/Editor/6000.2.12f1/Editor/Data/NetStandard/compat/2.1.0/shims/netstandard/System.IO.IsolatedStorage.dll"
-r:"/home/pine/Unity/Hub/Editor/6000.2.12f1/Editor/Data/NetStandard/compat/2.1.0/shims/netstandard/System.IO.MemoryMappedFiles.dll"
-r:"/home/pine/Unity/Hub/Editor/6000.2.12f1/Editor/Data/NetStandard/compat/2.1.0/shims/netstandard/System.IO.Pipes.dll"
-r:"/home/pine/Unity/Hub/Editor/6000.2.12f1/Editor/Data/NetStandard/compat/2.1.0/shims/netstandard/System.IO.UnmanagedMemoryStream.dll"
-r:"/home/pine/Unity/Hub/Editor/6000.2.12f1/Editor/Data/NetStandard/compat/2.1.0/shims/netstandard/System.IO.dll"
-r:"/home/pine/Unity/Hub/Editor/6000.2.12f1/Editor/Data/NetStandard/compat/2.1.0/shims/netstandard/System.Linq.Expressions.dll"
-r:"/home/pine/Unity/Hub/Editor/6000.2.12f1/Editor/Data/NetStandard/compat/2.1.0/shims/netstandard/System.Linq.Parallel.dll"
-r:"/home/pine/Unity/Hub/Editor/6000.2.12f1/Editor/Data/NetStandard/compat/2.1.0/shims/netstandard/System.Linq.Queryable.dll"
-r:"/home/pine/Unity/Hub/Editor/6000.2.12f1/Editor/Data/NetStandard/compat/2.1.0/shims/netstandard/System.Linq.dll"
-r:"/home/pine/Unity/Hub/Editor/6000.2.12f1/Editor/Data/NetStandard/compat/2.1.0/shims/netstandard/System.Memory.dll"
-r:"/home/pine/Unity/Hub/Editor/6000.2.12f1/Editor/Data/NetStandard/compat/2.1.0/shims/netstandard/System.Net.Http.dll"
-r:"/home/pine/Unity/Hub/Editor/6000.2.12f1/Editor/Data/NetStandard/compat/2.1.0/shims/netstandard/System.Net.NameResolution.dll"
-r:"/home/pine/Unity/Hub/Editor/6000.2.12f1/Editor/Data/NetStandard/compat/2.1.0/shims/netstandard/System.Net.NetworkInformation.dll"
-r:"/home/pine/Unity/Hub/Editor/6000.2.12f1/Editor/Data/NetStandard/compat/2.1.0/shims/netstandard/System.Net.Ping.dll"
-r:"/home/pine/Unity/Hub/Editor/6000.2.12f1/Editor/Data/NetStandard/compat/2.1.0/shims/netstandard/System.Net.Primitives.dll"
-r:"/home/pine/Unity/Hub/Editor/6000.2.12f1/Editor/Data/NetStandard/compat/2.1.0/shims/netstandard/System.Net.Requests.dll"
-r:"/home/pine/Unity/Hub/Editor/6000.2.12f1/Editor/Data/NetStandard/compat/2.1.0/shims/netstandard/System.Net.Security.dll"
-r:"/home/pine/Unity/Hub/Editor/6000.2.12f1/Editor/Data/NetStandard/compat/2.1.0/shims/netstandard/System.Net.Sockets.dll"
-r:"/home/pine/Unity/Hub/Editor/6000.2.12f1/Editor/Data/NetStandard/compat/2.1.0/shims/netstandard/System.Net.WebHeaderCollection.dll"
-r:"/home/pine/Unity/Hub/Editor/6000.2.12f1/Editor/Data/NetStandard/compat/2.1.0/shims/netstandard/System.Net.WebSockets.Client.dll"
-r:"/home/pine/Unity/Hub/Editor/6000.2.12f1/Editor/Data/NetStandard/compat/2.1.0/shims/netstandard/System.Net.WebSockets.dll"
-r:"/home/pine/Unity/Hub/Editor/6000.2.12f1/Editor/Data/NetStandard/compat/2.1.0/shims/netstandard/System.Numerics.Vectors.dll"
-r:"/home/pine/Unity/Hub/Editor/6000.2.12f1/Editor/Data/NetStandard/compat/2.1.0/shims/netstandard/System.ObjectModel.dll"
-r:"/home/pine/Unity/Hub/Editor/6000.2.12f1/Editor/Data/NetStandard/compat/2.1.0/shims/netstandard/System.Reflection.DispatchProxy.dll"
-r:"/home/pine/Unity/Hub/Editor/6000.2.12f1/Editor/Data/NetStandard/compat/2.1.0/shims/netstandard/System.Reflection.Emit.ILGeneration.dll"
-r:"/home/pine/Unity/Hub/Editor/6000.2.12f1/Editor/Data/NetStandard/compat/2.1.0/shims/netstandard/System.Reflection.Emit.Lightweight.dll"
-r:"/home/pine/Unity/Hub/Editor/6000.2.12f1/Editor/Data/NetStandard/compat/2.1.0/shims/netstandard/System.Reflection.Emit.dll"
-r:"/home/pine/Unity/Hub/Editor/6000.2.12f1/Editor/Data/NetStandard/compat/2.1.0/shims/netstandard/System.Reflection.Extensions.dll"
-r:"/home/pine/Unity/Hub/Editor/6000.2.12f1/Editor/Data/NetStandard/compat/2.1.0/shims/netstandard/System.Reflection.Primitives.dll"
-r:"/home/pine/Unity/Hub/Editor/6000.2.12f1/Editor/Data/NetStandard/compat/2.1.0/shims/netstandard/System.Reflection.dll"
-r:"/home/pine/Unity/Hub/Editor/6000.2.12f1/Editor/Data/NetStandard/compat/2.1.0/shims/netstandard/System.Resources.Reader.dll"
-r:"/home/pine/Unity/Hub/Editor/6000.2.12f1/Editor/Data/NetStandard/compat/2.1.0/shims/netstandard/System.Resources.ResourceManager.dll"
-r:"/home/pine/Unity/Hub/Editor/6000.2.12f1/Editor/Data/NetStandard/compat/2.1.0/shims/netstandard/System.Resources.Writer.dll"
-r:"/home/pine/Unity/Hub/Editor/6000.2.12f1/Editor/Data/NetStandard/compat/2.1.0/shims/netstandard/System.Runtime.CompilerServices.VisualC.dll"
-r:"/home/pine/Unity/Hub/Editor/6000.2.12f1/Editor/Data/NetStandard/compat/2.1.0/shims/netstandard/System.Runtime.Extensions.dll"
-r:"/home/pine/Unity/Hub/Editor/6000.2.12f1/Editor/Data/NetStandard/compat/2.1.0/shims/netstandard/System.Runtime.Handles.dll"
-r:"/home/pine/Unity/Hub/Editor/6000.2.12f1/Editor/Data/NetStandard/compat/2.1.0/shims/netstandard/System.Runtime.InteropServices.RuntimeInformation.dll"
-r:"/home/pine/Unity/Hub/Editor/6000.2.12f1/Editor/Data/NetStandard/compat/2.1.0/shims/netstandard/System.Runtime.InteropServices.dll"
-r:"/home/pine/Unity/Hub/Editor/6000.2.12f1/Editor/Data/NetStandard/compat/2.1.0/shims/netstandard/System.Runtime.Numerics.dll"
-r:"/home/pine/Unity/Hub/Editor/6000.2.12f1/Editor/Data/NetStandard/compat/2.1.0/shims/netstandard/System.Runtime.Serialization.Formatters.dll"
-r:"/home/pine/Unity/Hub/Editor/6000.2.12f1/Editor/Data/NetStandard/compat/2.1.0/shims/netstandard/System.Runtime.Serialization.Json.dll"
-r:"/home/pine/Unity/Hub/Editor/6000.2.12f1/Editor/Data/NetStandard/compat/2.1.0/shims/netstandard/System.Runtime.Serialization.Primitives.dll"
-r:"/home/pine/Unity/Hub/Editor/6000.2.12f1/Editor/Data/NetStandard/compat/2.1.0/shims/netstandard/System.Runtime.Serialization.Xml.dll"
-r:"/home/pine/Unity/Hub/Editor/6000.2.12f1/Editor/Data/NetStandard/compat/2.1.0/shims/netstandard/System.Runtime.dll"
-r:"/home/pine/Unity/Hub/Editor/6000.2.12f1/Editor/Data/NetStandard/compat/2.1.0/shims/netstandard/System.Security.Claims.dll"
-r:"/home/pine/Unity/Hub/Editor/6000.2.12f1/Editor/Data/NetStandard/compat/2.1.0/shims/netstandard/System.Security.Cryptography.Algorithms.dll"
-r:"/home/pine/Unity/Hub/Editor/6000.2.12f1/Editor/Data/NetStandard/compat/2.1.0/shims/netstandard/System.Security.Cryptography.Csp.dll"
-r:"/home/pine/Unity/Hub/Editor/6000.2.12f1/Editor/Data/NetStandard/compat/2.1.0/shims/netstandard/System.Security.Cryptography.Encoding.dll"
-r:"/home/pine/Unity/Hub/Editor/6000.2.12f1/Editor/Data/NetStandard/compat/2.1.0/shims/netstandard/System.Security.Cryptography.Primitives.dll"
-r:"/home/pine/Unity/Hub/Editor/6000.2.12f1/Editor/Data/NetStandard/compat/2.1.0/shims/netstandard/System.Security.Cryptography.X509Certificates.dll"
-r:"/home/pine/Unity/Hub/Editor/6000.2.12f1/Editor/Data/NetStandard/compat/2.1.0/shims/netstandard/System.Security.Principal.dll"
-r:"/home/pine/Unity/Hub/Editor/6000.2.12f1/Editor/Data/NetStandard/compat/2.1.0/shims/netstandard/System.Security.SecureString.dll"
-r:"/home/pine/Unity/Hub/Editor/6000.2.12f1/Editor/Data/NetStandard/compat/2.1.0/shims/netstandard/System.Text.Encoding.Extensions.dll"
-r:"/home/pine/Unity/Hub/Editor/6000.2.12f1/Editor/Data/NetStandard/compat/2.1.0/shims/netstandard/System.Text.Encoding.dll"
-r:"/home/pine/Unity/Hub/Editor/6000.2.12f1/Editor/Data/NetStandard/compat/2.1.0/shims/netstandard/System.Text.RegularExpressions.dll"
-r:"/home/pine/Unity/Hub/Editor/6000.2.12f1/Editor/Data/NetStandard/compat/2.1.0/shims/netstandard/System.Threading.Overlapped.dll"
-r:"/home/pine/Unity/Hub/Editor/6000.2.12f1/Editor/Data/NetStandard/compat/2.1.0/shims/netstandard/System.Threading.Tasks.Extensions.dll"
-r:"/home/pine/Unity/Hub/Editor/6000.2.12f1/Editor/Data/NetStandard/compat/2.1.0/shims/netstandard/System.Threading.Tasks.Parallel.dll"
-r:"/home/pine/Unity/Hub/Editor/6000.2.12f1/Editor/Data/NetStandard/compat/2.1.0/shims/netstandard/System.Threading.Tasks.dll"
-r:"/home/pine/Unity/Hub/Editor/6000.2.12f1/Editor/Data/NetStandard/compat/2.1.0/shims/netstandard/System.Threading.Thread.dll"
-r:"/home/pine/Unity/Hub/Editor/6000.2.12f1/Editor/Data/NetStandard/compat/2.1.0/shims/netstandard/System.Threading.ThreadPool.dll"
-r:"/home/pine/Unity/Hub/Editor/6000.2.12f1/Editor/Data/NetStandard/compat/2.1.0/shims/netstandard/System.Threading.Timer.dll"
-r:"/home/pine/Unity/Hub/Editor/6000.2.12f1/Editor/Data/NetStandard/compat/2.1.0/shims/netstandard/System.Threading.dll"
-r:"/home/pine/Unity/Hub/Editor/6000.2.12f1/Editor/Data/NetStandard/compat/2.1.0/shims/netstandard/System.ValueTuple.dll"
-r:"/home/pine/Unity/Hub/Editor/6000.2.12f1/Editor/Data/NetStandard/compat/2.1.0/shims/netstandard/System.Xml.ReaderWriter.dll"
-r:"/home/pine/Unity/Hub/Editor/6000.2.12f1/Editor/Data/NetStandard/compat/2.1.0/shims/netstandard/System.Xml.XDocument.dll"
-r:"/home/pine/Unity/Hub/Editor/6000.2.12f1/Editor/Data/NetStandard/compat/2.1.0/shims/netstandard/System.Xml.XPath.XDocument.dll"
-r:"/home/pine/Unity/Hub/Editor/6000.2.12f1/Editor/Data/NetStandard/compat/2.1.0/shims/netstandard/System.Xml.XPath.dll"
-r:"/home/pine/Unity/Hub/Editor/6000.2.12f1/Editor/Data/NetStandard/compat/2.1.0/shims/netstandard/System.Xml.XmlDocument.dll"
-r:"/home/pine/Unity/Hub/Editor/6000.2.12f1/Editor/Data/NetStandard/compat/2.1.0/shims/netstandard/System.Xml.XmlSerializer.dll"
-r:"/home/pine/Unity/Hub/Editor/6000.2.12f1/Editor/Data/NetStandard/ref/2.1.0/netstandard.dll"
-r:"Library/PackageCache/com.unity.collections@aea9d3bd5e19/Unity.Collections.LowLevel.ILSupport/Unity.Collections.LowLevel.ILSupport.dll"
-r:"Library/PackageCache/com.unity.collections@aea9d3bd5e19/Unity.Collections.Tests/System.IO.Hashing/System.IO.Hashing.dll"
-r:"Library/PackageCache/com.unity.collections@aea9d3bd5e19/Unity.Collections.Tests/System.Runtime.CompilerServices.Unsafe/System.Runtime.CompilerServices.Unsafe.dll"
-r:"Library/PackageCache/com.unity.ext.nunit@b16e6d09cd93/net40/unity-custom/nunit.framework.dll"
-r:"Library/PackageCache/com.unity.nuget.mono-cecil@d78732e851eb/Mono.Cecil.dll"
-r:"Library/PackageCache/com.unity.visualscripting@b4d700247d4b/Runtime/VisualScripting.Flow/Dependencies/NCalc/Unity.VisualScripting.Antlr3.Runtime.dll"
-r:"Library/Bee/artifacts/2400b0aE.dag/PPv2URPConverters.ref.dll"
-r:"Library/Bee/artifacts/2400b0aE.dag/PsdPlugin.ref.dll"
-r:"Library/Bee/artifacts/2400b0aE.dag/Unity.2D.Animation.Editor.ref.dll"
-r:"Library/Bee/artifacts/2400b0aE.dag/Unity.2D.Animation.Runtime.ref.dll"
-r:"Library/Bee/artifacts/2400b0aE.dag/Unity.2D.Aseprite.Common.ref.dll"
-r:"Library/Bee/artifacts/2400b0aE.dag/Unity.2D.Aseprite.Editor.ref.dll"
-r:"Library/Bee/artifacts/2400b0aE.dag/Unity.2D.Common.Editor.ref.dll"
-r:"Library/Bee/artifacts/2400b0aE.dag/Unity.2D.Common.Path.Editor.ref.dll"
-r:"Library/Bee/artifacts/2400b0aE.dag/Unity.2D.Common.Runtime.ref.dll"
-r:"Library/Bee/artifacts/2400b0aE.dag/Unity.2D.IK.Editor.ref.dll"
-r:"Library/Bee/artifacts/2400b0aE.dag/Unity.2D.IK.Runtime.ref.dll"
-r:"Library/Bee/artifacts/2400b0aE.dag/Unity.2D.Psdimporter.Editor.ref.dll"
-r:"Library/Bee/artifacts/2400b0aE.dag/Unity.2D.Sprite.AIIntegration.Editor.ref.dll"
-r:"Library/Bee/artifacts/2400b0aE.dag/Unity.2D.Sprite.Editor.ref.dll"
-r:"Library/Bee/artifacts/2400b0aE.dag/Unity.2D.SpriteShape.Editor.ref.dll"
-r:"Library/Bee/artifacts/2400b0aE.dag/Unity.2D.SpriteShape.Runtime.ref.dll"
-r:"Library/Bee/artifacts/2400b0aE.dag/Unity.2D.Tilemap.Editor.ref.dll"
-r:"Library/Bee/artifacts/2400b0aE.dag/Unity.2D.Tilemap.Extras.Editor.ref.dll"
-r:"Library/Bee/artifacts/2400b0aE.dag/Unity.2D.Tilemap.Extras.ref.dll"
-r:"Library/Bee/artifacts/2400b0aE.dag/Unity.Burst.Editor.ref.dll"
-r:"Library/Bee/artifacts/2400b0aE.dag/Unity.Burst.ref.dll"
-r:"Library/Bee/artifacts/2400b0aE.dag/Unity.Collections.Editor.ref.dll"
-r:"Library/Bee/artifacts/2400b0aE.dag/Unity.Collections.ref.dll"
-r:"Library/Bee/artifacts/2400b0aE.dag/Unity.InputSystem.ForUI.ref.dll"
-r:"Library/Bee/artifacts/2400b0aE.dag/Unity.InputSystem.ref.dll"
-r:"Library/Bee/artifacts/2400b0aE.dag/Unity.InternalAPIEditorBridge.001.ref.dll"
-r:"Library/Bee/artifacts/2400b0aE.dag/Unity.InternalAPIEngineBridge.001.ref.dll"
-r:"Library/Bee/artifacts/2400b0aE.dag/Unity.Mathematics.Editor.ref.dll"
-r:"Library/Bee/artifacts/2400b0aE.dag/Unity.Mathematics.ref.dll"
-r:"Library/Bee/artifacts/2400b0aE.dag/Unity.Multiplayer.Center.Common.ref.dll"
-r:"Library/Bee/artifacts/2400b0aE.dag/Unity.Multiplayer.Center.Editor.ref.dll"
-r:"Library/Bee/artifacts/2400b0aE.dag/Unity.PlasticSCM.Editor.ref.dll"
-r:"Library/Bee/artifacts/2400b0aE.dag/Unity.RenderPipeline.Universal.ShaderLibrary.ref.dll"
-r:"Library/Bee/artifacts/2400b0aE.dag/Unity.RenderPipelines.Core.Editor.Shared.ref.dll"
-r:"Library/Bee/artifacts/2400b0aE.dag/Unity.RenderPipelines.Core.Editor.ref.dll"
-r:"Library/Bee/artifacts/2400b0aE.dag/Unity.RenderPipelines.Core.Runtime.Shared.ref.dll"
-r:"Library/Bee/artifacts/2400b0aE.dag/Unity.RenderPipelines.Core.Runtime.ref.dll"
-r:"Library/Bee/artifacts/2400b0aE.dag/Unity.RenderPipelines.Core.ShaderLibrary.ref.dll"
-r:"Library/Bee/artifacts/2400b0aE.dag/Unity.RenderPipelines.GPUDriven.Runtime.ref.dll"
-r:"Library/Bee/artifacts/2400b0aE.dag/Unity.RenderPipelines.ShaderGraph.ShaderGraphLibrary.ref.dll"
-r:"Library/Bee/artifacts/2400b0aE.dag/Unity.RenderPipelines.Universal.2D.Runtime.ref.dll"
-r:"Library/Bee/artifacts/2400b0aE.dag/Unity.RenderPipelines.Universal.Config.Runtime.ref.dll"
-r:"Library/Bee/artifacts/2400b0aE.dag/Unity.RenderPipelines.Universal.Editor.ref.dll"
-r:"Library/Bee/artifacts/2400b0aE.dag/Unity.RenderPipelines.Universal.Runtime.ref.dll"
-r:"Library/Bee/artifacts/2400b0aE.dag/Unity.RenderPipelines.Universal.Shaders.ref.dll"
-r:"Library/Bee/artifacts/2400b0aE.dag/Unity.Rendering.LightTransport.Editor.ref.dll"
-r:"Library/Bee/artifacts/2400b0aE.dag/Unity.Rendering.LightTransport.Runtime.ref.dll"
-r:"Library/Bee/artifacts/2400b0aE.dag/Unity.Rider.Editor.ref.dll"
-r:"Library/Bee/artifacts/2400b0aE.dag/Unity.Searcher.Editor.ref.dll"
-r:"Library/Bee/artifacts/2400b0aE.dag/Unity.ShaderGraph.Editor.ref.dll"
-r:"Library/Bee/artifacts/2400b0aE.dag/Unity.TextMeshPro.Editor.ref.dll"
-r:"Library/Bee/artifacts/2400b0aE.dag/Unity.TextMeshPro.ref.dll"
-r:"Library/Bee/artifacts/2400b0aE.dag/Unity.Timeline.Editor.ref.dll"
-r:"Library/Bee/artifacts/2400b0aE.dag/Unity.Timeline.ref.dll"
-r:"Library/Bee/artifacts/2400b0aE.dag/Unity.VisualScripting.Core.Editor.ref.dll"
-r:"Library/Bee/artifacts/2400b0aE.dag/Unity.VisualScripting.Core.ref.dll"
-r:"Library/Bee/artifacts/2400b0aE.dag/Unity.VisualScripting.Flow.Editor.ref.dll"
-r:"Library/Bee/artifacts/2400b0aE.dag/Unity.VisualScripting.Flow.ref.dll"
-r:"Library/Bee/artifacts/2400b0aE.dag/Unity.VisualScripting.SettingsProvider.Editor.ref.dll"
-r:"Library/Bee/artifacts/2400b0aE.dag/Unity.VisualScripting.Shared.Editor.ref.dll"
-r:"Library/Bee/artifacts/2400b0aE.dag/Unity.VisualScripting.State.Editor.ref.dll"
-r:"Library/Bee/artifacts/2400b0aE.dag/Unity.VisualScripting.State.ref.dll"
-r:"Library/Bee/artifacts/2400b0aE.dag/Unity.VisualStudio.Editor.ref.dll"
-r:"Library/Bee/artifacts/2400b0aE.dag/UnityEditor.UI.ref.dll"
-r:"Library/Bee/artifacts/2400b0aE.dag/UnityEngine.UI.ref.dll"
-analyzer:"/home/pine/Unity/Hub/Editor/6000.2.12f1/Editor/Data/Tools/Unity.SourceGenerators/Unity.Properties.SourceGenerator.dll"
-analyzer:"/home/pine/Unity/Hub/Editor/6000.2.12f1/Editor/Data/Tools/Unity.SourceGenerators/Unity.SourceGenerators.dll"
-analyzer:"/home/pine/Unity/Hub/Editor/6000.2.12f1/Editor/Data/Tools/Unity.SourceGenerators/Unity.UIToolkit.SourceGenerator.dll"
"Assets/Scripts/PlayerMovement.cs"
-langversion:9.0
/deterministic
/optimize+
/debug:portable
/nologo
/RuntimeMetadataVersion:v4.0.30319
/nowarn:0169
/nowarn:0649
/nowarn:0282
/nowarn:1701
/nowarn:1702
/utf8output
/preferreduilang:en-US
/additionalfile:"Library/Bee/artifacts/2400b0aE.dag/Assembly-CSharp.UnityAdditionalFile.txt"
##### Custom Environment Variables
DOTNET_MULTILEVEL_LOOKUP=0
##### ExitCode
1
##### Output
Assets/Scripts/PlayerMovement.cs(2,30): error CS1002: ; expected
Assets/Scripts/PlayerMovement.cs(15,9): error CS0106: The modifier 'public' is not valid for this item
Assets/Scripts/PlayerMovement.cs(15,55): error CS1001: Identifier expected
Assets/Scripts/PlayerMovement.cs(19,32): error CS1002: ; expected
*** Tundra build failed (1.44 seconds), 2 items updated, 913 evaluated
## Script Compilation Error for: Csc Library/Bee/artifacts/2400b0aE.dag/Assembly-CSharp.dll (+2 others)
## CmdLine: "/home/pine/Unity/Hub/Editor/6000.2.12f1/Editor/Data/NetCoreRuntime/dotnet" exec "/home/pine/Unity/Hub/Editor/6000.2.12f1/Editor/Data/DotNetSdkRoslyn/csc.dll" /nostdlib /noconfig /shared "@Library/Bee/artifacts/2400b0aE.dag/Assembly-CSharp.rsp" "@Library/Bee/artifacts/2400b0aE.dag/Assembly-CSharp.rsp2"
## Output:
Assets/Scripts/PlayerMovement.cs(2,30): error CS1002: ; expected
Assets/Scripts/PlayerMovement.cs(15,9): error CS0106: The modifier 'public' is not valid for this item
Assets/Scripts/PlayerMovement.cs(15,55): error CS1001: Identifier expected
Assets/Scripts/PlayerMovement.cs(19,32): error CS1002: ; expected

Assets/Scripts/PlayerMovement.cs(2,30): error CS1002: ; expected
Assets/Scripts/PlayerMovement.cs(15,9): error CS0106: The modifier 'public' is not valid for this item
Assets/Scripts/PlayerMovement.cs(15,55): error CS1001: Identifier expected
Assets/Scripts/PlayerMovement.cs(19,32): error CS1002: ; expected
AssetDatabase: script compilation time: 1.939448s
Total cache size 35491916
Total cache size after purge 35491916, took 00:00:00.0113719

SDL leaked 2 allocations
[40m[32minfo[39m[22m[49m: Microsoft.Hosting.Lifetime[0]
      Application is shutting down...
[40m[32minfo[39m[22m[49m: Unity.ILPP.Runner.PostProcessingAssemblyLoadContext[0]
      ALC ILPP context 1 is unloading
