[2025-11-22T16:25:40.240Z][INFO] Command-line: /home/pine/Unity/Hub/Editor/6000.2.12f1/Editor/Data/Resources/PackageManager/Server/UnityPackageManager -s 38639 -ipc -ipc-path /tmp/Unity-Upm-38639.sock -l 2
[2025-11-22T16:25:40.244Z][INFO] IPC server started (IPC path=/tmp/Unity-Upm-38639.sock).
[2025-11-22T16:25:40.244Z][INFO] Hint: To connect to this UPM instance, launch Unity with the command-line parameter -upmIpcPath Upm-38639.
[2025-11-22T16:25:40.980Z][INFO] config:project:get-registries <-- Request received
params: {}
[2025-11-22T16:25:40.995Z][INFO] config:project:get-registries --> 200 (15 ms)
[2025-11-22T16:25:40.999Z][INFO] project:list-packages <-- Request received
params: {}
[2025-11-22T16:25:41.011Z][INFO] project:list-packages <-- Request received
params: {}
[2025-11-22T16:25:41.253Z][INFO] project:list-packages --> 200 (254 ms)
[2025-11-22T16:25:41.659Z][INFO] project:list-packages --> 200 (649 ms)
[2025-11-22T16:25:47.390Z][INFO] project:list-packages <-- Request received
params: {}
[2025-11-22T16:25:47.499Z][INFO] project:list-packages --> 200 (109 ms)
[2025-11-22T16:25:47.562Z][INFO] project:list-packages <-- Request received
params: {}
[2025-11-22T16:25:47.572Z][INFO] project:list-packages <-- Request received
params: {}
[2025-11-22T16:25:47.583Z][INFO] config:project:get-registries <-- Request received
params: {}
[2025-11-22T16:25:47.596Z][INFO] config:project:get-registries --> 200 (13 ms)
[2025-11-22T16:25:47.796Z][INFO] project:list-packages --> 200 (234 ms)
[2025-11-22T16:25:47.833Z][INFO] project:list-packages --> 200 (261 ms)
[2025-11-22T16:25:50.313Z][INFO] project:list-packages <-- Request received
params: {}
[2025-11-22T16:25:50.325Z][INFO] project:list-packages <-- Request received
params: {}
[2025-11-22T16:25:50.527Z][INFO] project:list-packages --> 200 (215 ms)
[2025-11-22T16:25:50.583Z][INFO] project:list-packages --> 200 (258 ms)
[2025-11-22T16:28:33.289Z][INFO] packages:get-packageinfo <-- Request received
params: {
  "packageId": "com.unity.collab-proxy"
}
[2025-11-22T16:28:33.767Z][INFO] packages:get-packageinfo --> 200 (478 ms)
[2025-11-22T16:29:04.441Z][INFO] project:list-packages <-- Request received
params: {}
[2025-11-22T16:29:04.461Z][INFO] packages:get-all-packageinfo <-- Request received
params: {}
[2025-11-22T16:29:04.471Z][INFO] packages:get-all-packageinfo <-- Request received
params: {}
[2025-11-22T16:29:04.495Z][INFO] project:list-packages <-- Request received
params: {}
[2025-11-22T16:29:04.935Z][INFO] packages:get-all-packageinfo --> 200 (464 ms)
[2025-11-22T16:29:05.181Z][INFO] packages:get-packageinfo <-- Request received
params: {
  "packageId": "com.unity.ads.ios-support@1.0.1"
}
[2025-11-22T16:29:05.191Z][INFO] packages:get-packageinfo <-- Request received
params: {
  "packageId": "com.unity.ai.inference@2.3.0"
}
[2025-11-22T16:29:05.201Z][INFO] packages:get-packageinfo <-- Request received
params: {
  "packageId": "com.unity.animation.rigging@1.3.1"
}
[2025-11-22T16:29:05.211Z][INFO] packages:get-packageinfo <-- Request received
params: {
  "packageId": "com.unity.meta-instant-games-sdk@1.3.1"
}
[2025-11-22T16:29:05.221Z][INFO] packages:get-packageinfo <-- Request received
params: {
  "packageId": "com.unity.ml-agents@2.0.2"
}
[2025-11-22T16:29:05.232Z][INFO] packages:get-packageinfo <-- Request received
params: {
  "packageId": "com.unity.services.lobby@1.2.2"
}
[2025-11-22T16:29:05.245Z][INFO] packages:get-packageinfo <-- Request received
params: {
  "packageId": "com.unity.services.matchmaker@1.1.5"
}
[2025-11-22T16:29:05.252Z][INFO] packages:get-packageinfo <-- Request received
params: {
  "packageId": "com.unity.services.multiplay@1.2.5"
}
[2025-11-22T16:29:05.262Z][INFO] packages:get-packageinfo <-- Request received
params: {
  "packageId": "com.unity.services.multiplayer@1.1.8"
}
[2025-11-22T16:29:05.272Z][INFO] packages:get-packageinfo <-- Request received
params: {
  "packageId": "com.unity.services.relay@1.0.5"
}
[2025-11-22T16:29:05.282Z][INFO] packages:get-packageinfo <-- Request received
params: {
  "packageId": "com.unity.xr.androidxr-openxr@1.0.2"
}
[2025-11-22T16:29:05.292Z][INFO] packages:get-packageinfo <-- Request received
params: {
  "packageId": "com.unity.xr.arcore@6.2.1"
}
[2025-11-22T16:29:05.302Z][INFO] packages:get-packageinfo <-- Request received
params: {
  "packageId": "com.unity.xr.arfoundation@6.2.1"
}
[2025-11-22T16:29:05.312Z][INFO] packages:get-packageinfo <-- Request received
params: {
  "packageId": "com.unity.xr.arkit@6.2.1"
}
[2025-11-22T16:29:05.323Z][INFO] packages:get-packageinfo <-- Request received
params: {
  "packageId": "com.unity.xr.interaction.toolkit@3.2.2"
}
[2025-11-22T16:29:05.334Z][INFO] packages:get-packageinfo <-- Request received
params: {
  "packageId": "com.unity.xr.magicleap@7.0.0"
}
[2025-11-22T16:29:05.370Z][INFO] project:list-packages --> 200 (875 ms)
[2025-11-22T16:29:05.371Z][INFO] project:list-packages --> 200 (930 ms)
[2025-11-22T16:29:05.457Z][INFO] packages:get-packageinfo --> 200 (276 ms)
[2025-11-22T16:29:05.461Z][INFO] packages:get-packageinfo --> 200 (260 ms)
[2025-11-22T16:29:05.461Z][INFO] packages:get-packageinfo --> 200 (270 ms)
[2025-11-22T16:29:05.467Z][INFO] packages:get-packageinfo --> 200 (235 ms)
[2025-11-22T16:29:05.473Z][INFO] packages:get-packageinfo --> 200 (252 ms)
[2025-11-22T16:29:05.473Z][INFO] packages:get-packageinfo --> 200 (262 ms)
[2025-11-22T16:29:05.478Z][INFO] packages:get-packageinfo --> 200 (233 ms)
[2025-11-22T16:29:05.478Z][INFO] packages:get-packageinfo --> 200 (226 ms)
[2025-11-22T16:29:05.480Z][INFO] packages:get-packageinfo --> 200 (218 ms)
[2025-11-22T16:29:05.567Z][INFO] packages:get-packageinfo --> 200 (295 ms)
[2025-11-22T16:29:05.570Z][INFO] packages:get-packageinfo --> 200 (287 ms)
[2025-11-22T16:29:05.587Z][INFO] packages:get-packageinfo --> 200 (295 ms)
[2025-11-22T16:29:05.592Z][INFO] packages:get-packageinfo --> 200 (290 ms)
[2025-11-22T16:29:05.593Z][INFO] packages:get-packageinfo --> 200 (281 ms)
[2025-11-22T16:29:05.593Z][INFO] packages:get-packageinfo --> 200 (270 ms)
[2025-11-22T16:29:05.593Z][INFO] packages:get-packageinfo --> 200 (259 ms)
[2025-11-22T16:29:07.338Z][INFO] packages:get-all-packageinfo --> 200 (2877 ms)
[2025-11-22T16:29:07.411Z][INFO] packages:get-packageinfo <-- Request received
params: {
  "packageId": "com.unity.netcode@1.9.3"
}
[2025-11-22T16:29:07.421Z][INFO] packages:get-packageinfo <-- Request received
params: {
  "packageId": "com.unity.scriptablebuildpipeline@2.4.3"
}
[2025-11-22T16:29:07.426Z][INFO] packages:get-packageinfo --> 200 (15 ms)
[2025-11-22T16:29:07.433Z][INFO] packages:get-packageinfo --> 200 (12 ms)
[2025-11-22T17:03:27.496Z][INFO] project:list-packages <-- Request received
params: {}
[2025-11-22T17:03:27.546Z][INFO] config:project:get-registries <-- Request received
params: {}
[2025-11-22T17:03:27.552Z][INFO] config:project:get-registries --> 200 (6 ms)
[2025-11-22T17:03:27.623Z][INFO] project:list-packages --> 200 (127 ms)
[2025-11-22T17:05:10.759Z][INFO] project:list-packages <-- Request received
params: {}
[2025-11-22T17:05:10.800Z][INFO] config:project:get-registries <-- Request received
params: {}
[2025-11-22T17:05:10.804Z][INFO] config:project:get-registries --> 200 (4 ms)
[2025-11-22T17:05:10.880Z][INFO] project:list-packages --> 200 (120 ms)
[2025-11-22T17:48:12.717Z][INFO] project:list-packages <-- Request received
params: {}
[2025-11-22T17:48:12.757Z][INFO] config:project:get-registries <-- Request received
params: {}
[2025-11-22T17:48:12.762Z][INFO] config:project:get-registries --> 200 (5 ms)
[2025-11-22T17:48:12.844Z][INFO] project:list-packages --> 200 (127 ms)
[2025-11-22T18:03:51.718Z][INFO] Received shutdown request (SIGINT), shutting down Unity Package Manager
