Mono path[0] = '/home/pine/.local/share/Steam/steamapps/common/worldbox/worldbox_Data/Managed'
Mono config path = '/home/pine/.local/share/Steam/steamapps/common/worldbox/worldbox_Data/MonoBleedingEdge/etc'
Preloaded 'libdiscord_game_sdk.so'
Preloaded 'libfmodstudio.so'
Preloaded 'libresonanceaudio.so'
Preloaded 'libsteam_api.so'
Unable to preload the following plugins:
	FirebaseCppAnalytics.so
	FirebaseCppApp-12_8_0.so
Input System module state changed to: Initialized.
Display 0 'HDMI-A-1 24"': 1920x1080 (primary device).
[PhysX] Initialized MultithreadedTaskDispatcher with 16 workers.
Unable to load player prefs
Desktop is 1920 x 1080 @ 240 Hz
Initialize engine version: 2022.3.60f1 (5f63fdee6d95)
[Subsystems] Discovering subsystems at path /home/pine/.local/share/Steam/steamapps/common/worldbox/worldbox_Data/UnitySubsystems
GfxDevice: creating device client; threaded=1; jobified=0
Renderer: NVIDIA GeForce RTX 4070 SUPER/PCIe/SSE2
Vendor:   NVIDIA Corporation
Version:  4.5.0 NVIDIA 580.119.02
GLES:     0
 GL_AMD_multi_draw_indirect GL_AMD_seamless_cubemap_per_texture GL_AMD_vertex_shader_viewport_index GL_AMD_vertex_shader_layer GL_ARB_arrays_of_arrays GL_ARB_base_instance GL_ARB_bindless_texture GL_ARB_blend_func_extended GL_ARB_buffer_storage GL_ARB_clear_buffer_object GL_ARB_clear_texture GL_ARB_clip_control GL_ARB_color_buffer_float GL_ARB_compressed_texture_pixel_storage GL_ARB_conservative_depth GL_ARB_compute_shader GL_ARB_compute_variable_group_size GL_ARB_conditional_render_inverted GL_ARB_copy_buffer GL_ARB_copy_image GL_ARB_cull_distance GL_ARB_debug_output GL_ARB_depth_buffer_float GL_ARB_depth_clamp GL_ARB_depth_texture GL_ARB_derivative_control GL_ARB_direct_state_access GL_ARB_draw_buffers GL_ARB_draw_buffers_blend GL_ARB_draw_indirect GL_ARB_draw_elements_base_vertex GL_ARB_draw_instanced GL_ARB_enhanced_layouts GL_ARB_ES2_compatibility GL_ARB_ES3_compatibility GL_ARB_ES3_1_compatibility GL_ARB_ES3_2_compatibility GL_ARB_explicit_attrib_location GL_ARB_explicit_uniform_location GL_ARB_fragmen
t_coord_conventions GL_ARB_fragment_layer_viewport GL_ARB_fragment_program GL_ARB_fragment_program_shadow GL_ARB_fragment_shader GL_ARB_fragment_shader_interlock GL_ARB_framebuffer_no_attachments GL_ARB_framebuffer_object GL_ARB_framebuffer_sRGB GL_ARB_geometry_shader4 GL_ARB_get_program_binary GL_ARB_get_texture_sub_image GL_ARB_gl_spirv GL_ARB_gpu_shader5 GL_ARB_gpu_shader_fp64 GL_ARB_gpu_shader_int64 GL_ARB_half_float_pixel GL_ARB_half_float_vertex GL_ARB_imaging GL_ARB_indirect_parameters GL_ARB_instanced_arrays GL_ARB_internalformat_query GL_ARB_internalformat_query2 GL_ARB_invalidate_subdata GL_ARB_map_buffer_alignment GL_ARB_map_buffer_range GL_ARB_multi_bind GL_ARB_multi_draw_indirect GL_ARB_multisample GL_ARB_multitexture GL_ARB_occlusion_query GL_ARB_occlusion_query2 GL_ARB_parallel_shader_compile GL_ARB_pipeline_statistics_query GL_ARB_pixel_buffer_object GL_ARB_point_parameters GL_ARB_point_sprite GL_ARB_polygon_offset_clamp GL_ARB_post_depth_coverage GL_ARB_program_interface_query GL_ARB_provoki
ng_vertex GL_ARB_query_buffer_object GL_ARB_robust_buffer_access_behavior GL_ARB_robustness GL_ARB_sample_locations GL_ARB_sample_shading GL_ARB_sampler_objects GL_ARB_seamless_cube_map GL_ARB_seamless_cubemap_per_texture GL_ARB_separate_shader_objects GL_ARB_shader_atomic_counter_ops GL_ARB_shader_atomic_counters GL_ARB_shader_ballot GL_ARB_shader_bit_encoding GL_ARB_shader_clock GL_ARB_shader_draw_parameters GL_ARB_shader_group_vote GL_ARB_shader_image_load_store GL_ARB_shader_image_size GL_ARB_shader_objects GL_ARB_shader_precision GL_ARB_shader_storage_buffer_object GL_ARB_shader_subroutine GL_ARB_shader_texture_image_samples GL_ARB_shader_texture_lod GL_ARB_shading_language_100 GL_ARB_shader_viewport_layer_array GL_ARB_shading_language_420pack GL_ARB_shading_language_include GL_ARB_shading_language_packing GL_ARB_shadow GL_ARB_sparse_buffer GL_ARB_sparse_texture GL_ARB_sparse_texture2 GL_ARB_sparse_texture_clamp GL_ARB_spirv_extensions GL_ARB_stencil_texturing GL_ARB_sync GL_ARB_tessellation_shader GL_A
RB_texture_barrier GL_ARB_texture_border_clamp GL_ARB_texture_buffer_object GL_ARB_texture_buffer_object_rgb32 GL_ARB_texture_buffer_range GL_ARB_texture_compression GL_ARB_texture_compression_bptc GL_ARB_texture_compression_rgtc GL_ARB_texture_cube_map GL_ARB_texture_cube_map_array GL_ARB_texture_env_add GL_ARB_texture_env_combine GL_ARB_texture_env_crossbar GL_ARB_texture_env_dot3 GL_ARB_texture_filter_anisotropic GL_ARB_texture_filter_minmax GL_ARB_texture_float GL_ARB_texture_gather GL_ARB_texture_mirror_clamp_to_edge GL_ARB_texture_mirrored_repeat GL_ARB_texture_multisample GL_ARB_texture_non_power_of_two GL_ARB_texture_query_levels GL_ARB_texture_query_lod GL_ARB_texture_rectangle GL_ARB_texture_rg GL_ARB_texture_rgb10_a2ui GL_ARB_texture_stencil8 GL_ARB_texture_storage GL_ARB_texture_storage_multisample GL_ARB_texture_swizzle GL_ARB_texture_view GL_ARB_timer_query GL_ARB_transform_feedback2 GL_ARB_transform_feedback3 GL_ARB_transform_feedback_instanced GL_ARB_transform_feedback_overflow_query GL_ARB_t
ranspose_matrix GL_ARB_uniform_buffer_object GL_ARB_vertex_array_bgra GL_ARB_vertex_array_object GL_ARB_vertex_attrib_64bit GL_ARB_vertex_attrib_binding GL_ARB_vertex_buffer_object GL_ARB_vertex_program GL_ARB_vertex_shader GL_ARB_vertex_type_10f_11f_11f_rev GL_ARB_vertex_type_2_10_10_10_rev GL_ARB_viewport_array GL_ARB_window_pos GL_ATI_draw_buffers GL_ATI_texture_float GL_ATI_texture_mirror_once GL_S3_s3tc GL_EXT_texture_env_add GL_EXT_abgr GL_EXT_bgra GL_EXT_bindable_uniform GL_EXT_blend_color GL_EXT_blend_equation_separate GL_EXT_blend_func_separate GL_EXT_blend_minmax GL_EXT_blend_subtract GL_EXT_compiled_vertex_array GL_EXT_Cg_shader GL_EXT_depth_bounds_test GL_EXT_direct_state_access GL_EXT_draw_buffers2 GL_EXT_draw_instanced GL_EXT_draw_range_elements GL_EXT_fog_coord GL_EXT_framebuffer_blit GL_EXT_framebuffer_multisample GL_EXTX_framebuffer_mixed_formats GL_EXT_framebuffer_multisample_blit_scaled GL_EXT_framebuffer_object GL_EXT_framebuffer_sRGB GL_EXT_geometry_shader4 GL_EXT_gpu_program_parameters 
GL_EXT_gpu_shader4 GL_EXT_multi_draw_arrays GL_EXT_multiview_texture_multisample GL_EXT_multiview_timer_query GL_EXT_packed_depth_stencil GL_EXT_packed_float GL_EXT_packed_pixels GL_EXT_pixel_buffer_object GL_EXT_point_parameters GL_EXT_polygon_offset_clamp GL_EXT_post_depth_coverage GL_EXT_provoking_vertex GL_EXT_raster_multisample GL_EXT_rescale_normal GL_EXT_secondary_color GL_EXT_separate_shader_objects GL_EXT_separate_specular_color GL_EXT_shader_image_load_formatted GL_EXT_shader_image_load_store GL_EXT_shader_integer_mix GL_EXT_shadow_funcs GL_EXT_sparse_texture2 GL_EXT_stencil_two_side GL_EXT_stencil_wrap GL_EXT_texture3D GL_EXT_texture_array GL_EXT_texture_buffer_object GL_EXT_texture_compression_dxt1 GL_EXT_texture_compression_latc GL_EXT_texture_compression_rgtc GL_EXT_texture_compression_s3tc GL_EXT_texture_cube_map GL_EXT_texture_edge_clamp GL_EXT_texture_env_combine GL_EXT_texture_env_dot3 GL_EXT_texture_filter_anisotropic GL_EXT_texture_filter_minmax GL_EXT_texture_integer GL_EXT_texture_lod G
L_EXT_texture_lod_bias GL_EXT_texture_mirror_clamp GL_EXT_texture_object GL_EXT_texture_shadow_lod GL_EXT_texture_shared_exponent GL_EXT_texture_sRGB GL_EXT_texture_sRGB_R8 GL_EXT_texture_sRGB_decode GL_EXT_texture_storage GL_EXT_texture_swizzle GL_EXT_timer_query GL_EXT_transform_feedback2 GL_EXT_vertex_array GL_EXT_vertex_array_bgra GL_EXT_vertex_attrib_64bit GL_EXT_window_rectangles GL_EXT_x11_sync_object GL_EXT_import_sync_object GL_NV_robustness_video_memory_purge GL_IBM_rasterpos_clip GL_IBM_texture_mirrored_repeat GL_KHR_context_flush_control GL_KHR_debug GL_EXT_memory_object GL_EXT_memory_object_fd GL_NV_memory_object_sparse GL_KHR_parallel_shader_compile GL_KHR_no_error GL_KHR_robust_buffer_access_behavior GL_KHR_robustness GL_EXT_semaphore GL_EXT_semaphore_fd GL_NV_timeline_semaphore GL_KHR_shader_subgroup GL_KTX_buffer_region GL_NV_alpha_to_coverage_dither_control GL_NV_bindless_multi_draw_indirect GL_NV_bindless_multi_draw_indirect_count GL_NV_bindless_texture GL_NV_blend_equation_advanced GL_NV_
blend_equation_advanced_coherent GL_NVX_blend_equation_advanced_multi_draw_buffers GL_NV_blend_minmax_factor GL_NV_blend_square GL_NV_clip_space_w_scaling GL_NV_command_list GL_NV_compute_program5 GL_NV_compute_shader_derivatives GL_NV_conditional_render GL_NV_conservative_raster GL_NV_conservative_raster_dilate GL_NV_conservative_raster_pre_snap GL_NV_conservative_raster_pre_snap_triangles GL_NV_conservative_raster_underestimation GL_NV_copy_depth_to_color GL_NV_copy_image GL_NV_depth_buffer_float GL_NV_depth_clamp GL_NV_draw_texture GL_NV_draw_vulkan_image GL_NV_ES1_1_compatibility GL_NV_ES3_1_compatibility GL_NV_explicit_multisample GL_NV_feature_query GL_NV_fence GL_NV_fill_rectangle GL_NV_float_buffer GL_NV_fog_distance GL_NV_fragment_coverage_to_color GL_NV_fragment_program GL_NV_fragment_program_option GL_NV_fragment_program2 GL_NV_fragment_shader_barycentric GL_NV_fragment_shader_interlock GL_NV_framebuffer_mixed_samples GL_NV_framebuffer_multisample_coverage GL_NV_geometry_shader4 GL_NV_geometry_sha
der_passthrough GL_NV_gpu_program4 GL_NV_internalformat_sample_query GL_NV_gpu_program4_1 GL_NV_gpu_program5 GL_NV_gpu_program5_mem_extended GL_NV_gpu_program_fp64 GL_NV_gpu_program_multiview GL_NV_gpu_shader5 GL_NV_half_float GL_NV_light_max_exponent GL_NV_memory_attachment GL_NV_mesh_shader GL_NV_multisample_coverage GL_NV_multisample_filter_hint GL_NV_occlusion_query GL_NV_packed_depth_stencil GL_NV_parameter_buffer_object GL_NV_parameter_buffer_object2 GL_NV_path_rendering GL_NV_path_rendering_shared_edge GL_NV_pixel_data_range GL_NV_point_sprite GL_NV_primitive_restart GL_NV_primitive_shading_rate GL_NV_query_resource GL_NV_query_resource_tag GL_NV_register_combiners GL_NV_register_combiners2 GL_NV_representative_fragment_test GL_NV_sample_locations GL_NV_sample_mask_override_coverage GL_NV_scissor_exclusive GL_NV_shader_atomic_counters GL_NV_shader_atomic_float GL_NV_shader_atomic_float64 GL_NV_shader_atomic_fp16_vector GL_NV_shader_atomic_int64 GL_NV_shader_buffer_load GL_NV_shader_storage_buffer_obje
ct GL_NV_shader_subgroup_partitioned GL_NV_shader_texture_footprint GL_NV_shading_rate_image GL_NV_stereo_view_rendering GL_NV_texgen_reflection GL_NV_texture_barrier GL_NV_texture_compression_vtc GL_NV_texture_dirty_tile_map GL_NV_texture_env_combine4 GL_NV_texture_multisample GL_NV_texture_rectangle GL_NV_texture_rectangle_compressed GL_NV_texture_shader GL_NV_texture_shader2 GL_NV_texture_shader3 GL_NV_transform_feedback GL_NV_transform_feedback2 GL_NV_uniform_buffer_unified_memory GL_NV_uniform_buffer_std430_layout GL_NV_vdpau_interop GL_NV_vdpau_interop2 GL_NV_vertex_array_range GL_NV_vertex_array_range2 GL_NV_vertex_attrib_integer_64bit GL_NV_vertex_buffer_unified_memory GL_NV_vertex_program GL_NV_vertex_program1_1 GL_NV_vertex_program2 GL_NV_vertex_program2_option GL_NV_vertex_program3 GL_NV_viewport_array2 GL_NV_viewport_swizzle GL_NVX_conditional_render GL_NV_gpu_multicast GL_NVX_progress_fence GL_NVX_gpu_memory_info GL_NVX_nvenc_interop GL_NV_shader_thread_group GL_NV_shader_thread_shuffle GL_KHR_b
lend_equation_advanced GL_KHR_blend_equation_advanced_coherent GL_OVR_multiview GL_OVR_multiview2 GL_SGIS_generate_mipmap GL_SGIS_texture_lod GL_SGIX_depth_texture GL_SGIX_shadow GL_SUN_slice_accum
OPENGL LOG: Creating OpenGL 4.5 graphics device ; Context level  <OpenGL 4.5> ; Context handle 229736888
Begin MonoManager ReloadAssembly
- Loaded All Assemblies, in  0.057 seconds
- Finished resetting the current domain, in  0.001 seconds
Default vsync count 0
requesting resize 1920 x 1080
Using native desktop resolution 1920 x 1080
requesting fullscreen 1920 x 1080 at 0/1 Hz
Desktop is 1920 x 1080 @ 240 Hz
Desktop is 1920 x 1080 @ 240 Hz
[PhysX] Initialized MultithreadedTaskDispatcher with 16 workers.
UnloadTime: 0.333194 ms
INIT Progress
INIT PlayerConfig
Init PlayerConfig
LOAD LANGUAGE en
LocalizedTextManager: total texts loaded: 0
Unloading 6 Unused Serialized files (Serialized files now loaded: 0)
[PhysX] Initialized MultithreadedTaskDispatcher with 16 workers.
UnloadTime: 4.594373 ms
Init PlotLibrary
INIT ActorStats
GENERATE ACTOR STATS 230
Init Achievements
InAppManager::Start
[ap]
InAppManager::End
LOAD LANGUAGE en
LocalizedTextManager: total texts loaded: 44
Save Version 9
[S_API] SteamAPI_Init(): Loaded '/home/pine/.local/share/Steam/linux64/steamclient.so' OK.
Setting breakpad minidump AppID = 1206560
SteamInternal_SetMinidumpSteamID:  Caching Steam ID:  76561198395895021 [API loaded no]
S:76561198395895021
s:Detect - Steam detecting language
s:Detect - language en
requesting resize 1920 x 1080
Using native desktop resolution 1920 x 1080
requesting fullscreen 1920 x 1080 at 240/1 Hz
Desktop is 1920 x 1080 @ 240 Hz
Unloading 632 unused Assets to reduce memory usage. Loaded Objects now: 33134.
Total: 18.415950 ms (FindLiveObjects: 3.853860 ms CreateObjectMapping: 0.604408 ms MarkObjects: 13.586142 ms  DeleteObjects: 0.371011 ms)

001: Preloading windows (1/5)            = 0.0253
Total Preloaded Hand Renderer Sprites : 750 with colors 106
<color=yellow>002: Preload hand item textures...       = 0.8577</color>
Loaded unit related sprites: 13878
003: Preload main unit textures...       = 0.3011
Loaded unit related sprites: 15246
004: Preload unit trait textures...      = 0.0343
005: Preload building sprite lists...    = 0.2207
006: Preload building sprites...         = 0.1887
007: Preload boat animations...          = 0.0556
008: Preload unit animations...          = 0.1143
009: Preload pixel bags units...         = 0.0371
010: Preload pixel bags buildings...     = 0.0740
012: Close windows                       = 0.0057
014: Quantum Clean                       = 0.0004
016: Clearing World                      = 0.0236
017: Clean old Tiles                     = 0.0003
018: Hiding All Windows                  = 0.0000
019: Setting Map Size                    = 0.0013
020: Recreate Sizes (1/4)                = 0.0077
021: Recreate Sizes (2/4)                = 0.0002
022: Prepare Tiles                       = 0.0032
024: Create Tiles (200704)               = 0.2102
026: Create Neighbours [200704] (1/3)    = 0.0001
028: Create Neighbours [200704] (2/3)    = 0.0073
030: Create Neighbours [200704] (3/3)    = 0.0878
032: Create Zones                        = 0.0191
034: Create Chunks                       = 0.0359
036: Tile Manager                        = 0.0184
037: Recreate Sizes (3/4) (1/13)         = 0.0063
038: Recreate Sizes (3/4) (2/13)         = 0.0184
039: Recreate Sizes (3/4) (3/13)         = 0.0027
040: Recreate Sizes (3/4) (4/13)         = 0.0027
041: Recreate Sizes (3/4) (5/13)         = 0.0027
042: Recreate Sizes (3/4) (6/13)         = 0.0026
043: Recreate Sizes (3/4) (7/13)         = 0.0026
044: Recreate Sizes (3/4) (8/13)         = 0.0027
045: Recreate Sizes (3/4) (9/13)         = 0.0027
046: Recreate Sizes (3/4) (10/13)        = 0.0026
047: Recreate Sizes (3/4) (11/13)        = 0.0027
048: Recreate Sizes (3/4) (12/13)        = 0.0026
049: Recreate Sizes (3/4) (13/13)        = 0.0026
050: Recreate Sizes (4/4)                = 0.0050
[SQLITE] new db /home/pine/.config/unity3d/mkarpenko/WorldBox/stats.s3db
[SQLITE] opening db 3027002
051: Creating Stats DB                   = 0.0054
052: Checking Stats DB                   = 0.0592
053: Creating Stats                      = 0.0065
054: Creating Stats (WorldTable)         = 0.0042
055: Creating Stats (AllianceTable)      = 0.0023
056: Creating Stats (ClanTable)          = 0.0016
057: Creating Stats (CityTable)          = 0.0021
058: Creating Stats (CultureTable)       = 0.0013
059: Creating Stats (FamilyTable)        = 0.0013
060: Creating Stats (ArmyTable)          = 0.0013
061: Creating Stats (KingdomTable)       = 0.0021
062: Creating Stats (LanguageTable)      = 0.0014
063: Creating Stats (ReligionTable)      = 0.0016
064: Creating Stats (SubspeciesTable)    = 0.0018
065: Creating Stats (WarTable)           = 0.0015
066: Creating Triggers                   = 0.1190
068: Preloading windows (2/5)            = 0.0019
070: Preloading windows (3/5)            = 0.0758
071: Preloading windows (4/5) (1/39)     = 0.0020
072: Preloading windows (4/5) (2/39)     = 0.0427
073: Preloading windows (4/5) (3/39)     = 0.0005
074: Preloading windows (4/5) (4/39)     = 0.0261
075: Preloading windows (4/5) (5/39)     = 0.0288
076: Preloading windows (4/5) (6/39)     = 0.0250
077: Preloading windows (4/5) (7/39)     = 0.0276
078: Preloading windows (4/5) (8/39)     = 0.0012
079: Preloading windows (4/5) (9/39)     = 0.0195
080: Preloading windows (4/5) (10/39)    = 0.0021
081: Preloading windows (4/5) (11/39)    = 0.0258
082: Preloading windows (4/5) (12/39)    = 0.0236
083: Preloading windows (4/5) (13/39)    = 0.0028
084: Preloading windows (4/5) (14/39)    = 0.0023
085: Preloading windows (4/5) (15/39)    = 0.0023
086: Preloading windows (4/5) (16/39)    = 0.0023
087: Preloading windows (4/5) (17/39)    = 0.0022
088: Preloading windows (4/5) (18/39)    = 0.0031
089: Preloading windows (4/5) (19/39)    = 0.0020
090: Preloading windows (4/5) (20/39)    = 0.0022
091: Preloading windows (4/5) (21/39)    = 0.0021
092: Preloading windows (4/5) (22/39)    = 0.0022
093: Preloading windows (4/5) (23/39)    = 0.0025
094: Preloading windows (4/5) (24/39)    = 0.0023
095: Preloading windows (4/5) (25/39)    = 0.0044
096: Preloading windows (4/5) (26/39)    = 0.0018
097: Preloading windows (4/5) (27/39)    = 0.0015
098: Preloading windows (4/5) (28/39)    = 0.0028
099: Preloading windows (4/5) (29/39)    = 0.0009
100: Preloading windows (4/5) (30/39)    = 0.0227
101: Preloading windows (4/5) (31/39)    = 0.0241
102: Preloading windows (4/5) (32/39)    = 0.0373
103: Preloading windows (4/5) (33/39)    = 0.0157
Firebase Starting Check
Fallback handler could not load library /home/pine/.local/share/Steam/steamapps/common/worldbox/worldbox_Data/MonoBleedingEdge/x86_64/FirebaseCppApp-12_8_0
Fallback handler could not load library /home/pine/.local/share/Steam/steamapps/common/worldbox/worldbox_Data/MonoBleedingEdge/x86_64/libFirebaseCppApp-12_8_0.so
Fallback handler could not load library /home/pine/.local/share/Steam/steamapps/common/worldbox/worldbox_Data/MonoBleedingEdge/x86_64/libFirebaseCppApp-12_8_0.so
Fallback handler could not load library /home/pine/.local/share/Steam/steamapps/common/worldbox/worldbox_Data/MonoBleedingEdge/x86_64/FirebaseCppApp-12_8_0
Fallback handler could not load library /home/pine/.local/share/Steam/steamapps/common/worldbox/worldbox_Data/MonoBleedingEdge/x86_64/libFirebaseCppApp-12_8_0
Fallback handler could not load library /home/pine/.local/share/Steam/steamapps/common/worldbox/worldbox_Data/MonoBleedingEdge/x86_64/libFirebaseCppApp-12_8_0.so
Fallback handler could not load library /home/pine/.local/share/Steam/steamapps/common/worldbox/worldbox_Data/MonoBleedingEdge/x86_64/libFirebaseCppApp-12_8_0.so
Fallback handler could not load library /home/pine/.local/share/Steam/steamapps/common/worldbox/worldbox_Data/MonoBleedingEdge/x86_64/libFirebaseCppApp-12_8_0
Fallback handler could not load library /home/pine/.local/share/Steam/steamapps/common/worldbox/worldbox_Data/MonoBleedingEdge/x86_64/FirebaseCppApp-12_8_0
Fallback handler could not load library /home/pine/.local/share/Steam/steamapps/common/worldbox/worldbox_Data/MonoBleedingEdge/x86_64/libFirebaseCppApp-12_8_0.so
Fallback handler could not load library /home/pine/.local/share/Steam/steamapps/common/worldbox/worldbox_Data/MonoBleedingEdge/x86_64/libFirebaseCppApp-12_8_0.so
Fallback handler could not load library /home/pine/.local/share/Steam/steamapps/common/worldbox/worldbox_Data/MonoBleedingEdge/x86_64/FirebaseCppApp-12_8_0
Fallback handler could not load library /home/pine/.local/share/Steam/steamapps/common/worldbox/worldbox_Data/MonoBleedingEdge/x86_64/libFirebaseCppApp-12_8_0
Fallback handler could not load library /home/pine/.local/share/Steam/steamapps/common/worldbox/worldbox_Data/MonoBleedingEdge/x86_64/libFirebaseCppApp-12_8_0.so
Fallback handler could not load library /home/pine/.local/share/Steam/steamapps/common/worldbox/worldbox_Data/MonoBleedingEdge/x86_64/libFirebaseCppApp-12_8_0.so
Fallback handler could not load library /home/pine/.local/share/Steam/steamapps/common/worldbox/worldbox_Data/MonoBleedingEdge/x86_64/libFirebaseCppApp-12_8_0
Fallback handler could not load library /home/pine/.local/share/Steam/steamapps/common/worldbox/worldbox_Data/MonoBleedingEdge/x86_64/FirebaseCppApp-12_8_0
Fallback handler could not load library /home/pine/.local/share/Steam/steamapps/common/worldbox/worldbox_Data/MonoBleedingEdge/x86_64/libFirebaseCppApp-12_8_0.so
Fallback handler could not load library /home/pine/.local/share/Steam/steamapps/common/worldbox/worldbox_Data/MonoBleedingEdge/x86_64/libFirebaseCppApp-12_8_0.so
Fallback handler could not load library /home/pine/.local/share/Steam/steamapps/common/worldbox/worldbox_Data/MonoBleedingEdge/x86_64/FirebaseCppApp-12_8_0
Fallback handler could not load library /home/pine/.local/share/Steam/steamapps/common/worldbox/worldbox_Data/MonoBleedingEdge/x86_64/libFirebaseCppApp-12_8_0
Fallback handler could not load library /home/pine/.local/share/Steam/steamapps/common/worldbox/worldbox_Data/MonoBleedingEdge/x86_64/libFirebaseCppApp-12_8_0.so
Fallback handler could not load library /home/pine/.local/share/Steam/steamapps/common/worldbox/worldbox_Data/MonoBleedingEdge/x86_64/libFirebaseCppApp-12_8_0.so
Fallback handler could not load library /home/pine/.local/share/Steam/steamapps/common/worldbox/worldbox_Data/MonoBleedingEdge/x86_64/libFirebaseCppApp-12_8_0
Fallback handler could not load library /home/pine/.local/share/Steam/steamapps/common/worldbox/worldbox_Data/MonoBleedingEdge/x86_64/FirebaseCppApp-12_8_0
Fallback handler could not load library /home/pine/.local/share/Steam/steamapps/common/worldbox/worldbox_Data/MonoBleedingEdge/x86_64/libFirebaseCppApp-12_8_0.so
Fallback handler could not load library /home/pine/.local/share/Steam/steamapps/common/worldbox/worldbox_Data/MonoBleedingEdge/x86_64/libFirebaseCppApp-12_8_0.so
Fallback handler could not load library /home/pine/.local/share/Steam/steamapps/common/worldbox/worldbox_Data/MonoBleedingEdge/x86_64/FirebaseCppApp-12_8_0
Fallback handler could not load library /home/pine/.local/share/Steam/steamapps/common/worldbox/worldbox_Data/MonoBleedingEdge/x86_64/libFirebaseCppApp-12_8_0
Fallback handler could not load library /home/pine/.local/share/Steam/steamapps/common/worldbox/worldbox_Data/MonoBleedingEdge/x86_64/libFirebaseCppApp-12_8_0.so
Fallback handler could not load library /home/pine/.local/share/Steam/steamapps/common/worldbox/worldbox_Data/MonoBleedingEdge/x86_64/libFirebaseCppApp-12_8_0.so
Fallback handler could not load library /home/pine/.local/share/Steam/steamapps/common/worldbox/worldbox_Data/MonoBleedingEdge/x86_64/libFirebaseCppApp-12_8_0
Firebase Check Error
The type initializer for 'Firebase.FirebaseApp' threw an exception.
104: Preloading windows (4/5) (34/39)    = 0.0178
105: Preloading windows (4/5) (35/39)    = 0.0025
106: Preloading windows (4/5) (36/39)    = 0.0018
107: Preloading windows (4/5) (37/39)    = 0.0007
108: Preloading windows (4/5) (38/39)    = 0.0205
109: Preloading windows (4/5) (39/39)    = 0.0029
110: Loading Tiles                       = 0.0867
111: Loading Frozen                      = 0.0002
112: Loading Fires                       = 0.0002
113: Loading Conway                      = 0.0001
114: Loading Subspecies                  = 0.0002
115: Loading Families                    = 0.0000
116: Loading Languages                   = 0.0000
117: Loading Religions                   = 0.0000
118: Loading Items                       = 0.0000
119: Loading Books                       = 0.0000
120: Loading Cultures                    = 0.0000
121: Loading Clans                       = 0.0000
122: Loading Kingdoms                    = 0.0000
123: Loading Cities                      = 0.0000
124: Loading Wars                        = 0.0000
125: Loading Armies                      = 0.0000
126: Loading Alliances                   = 0.0000
127: Loading Plots                       = 0.0000
128: Finish Loading Actors               = 0.0360
129: Set random Decision Cooldowns       = 0.0003
130: Loading Lovers                      = 0.0002
131: Loading Army Captains               = 0.0001
132: Loading Plot Authors                = 0.0001
133: Check Old City Zones                = 0.0001
134: Loading Buildings                   = 0.0240
135: Check Meta List Stuff               = 0.0005
136: Set Home Buildings                  = 0.0008
137: Loading Civs                        = 0.0001
138: Loading Leaders                     = 0.0001
139: Loading Diplomacy                   = 0.0002
140: Map Chunk Manager (1/2)             = 0.0002
141: Map Chunk Manager (2/2)             = 0.0585
142: Loading Boats. Ahoy Ahoy            = 0.0003
144: Cleaning Up The World               = 0.0816
146: Checking Phenotypes                 = 0.0006
148: Drawing Up The World                = 0.2674
149: Preload rendered sprites...         = 0.0275
151: Tidying Up The World                = 0.0161
153: Rewriting The World                 = 0.1410
155: World Loaded                        = 0.0030
156: Finishing up...                     = 0.0063
157: Prepare Game Launch                 = 0.0001
159: Preloading windows (5/5)            = 0.0679
LOAD TIME INIT: 5.921281
LOAD TIME CREATE: 0.01156616
LOAD TIME GENERATE: 5.526436
160: Start the Game                      = 0.0054
162: Loading finished                    = 5.3917
DBInserter thread is still running
DBInserter closed
Unlocking in Steam: achievementMindlessHusk
[FMOD] Missing event : event:/SFX/UNITS/living_plants/attack
[FMOD] Missing event : event:/SFX/UNITS/living_plants/spawn
[FMOD] Missing event : event:/SFX/UNITS/living_plants/death
Unlocking in Steam: achievementLavaStrike
DBInserter thread is still running
DBInserter closed
Unlocking in Steam: achievementRainTornado
[SQLITE] closing db
[SQLITE] db closed
Input System module state changed to: ShutdownInProgress.
Input System polling thread exited.
Input System module state changed to: Shutdown.
Memory Statistics:
[ALLOC_TEMP_TLS] TLS Allocator
  StackAllocators : 
    [ALLOC_TEMP_MAIN]
      Peak usage frame count: [0-1.0 KB]: 3997 frames, [1.0 KB-2.0 KB]: 1217 frames, [2.0 KB-4.0 KB]: 1 frames, [4.0 KB-8.0 KB]: 1 frames, [8.0 KB-16.0 KB]: 27877 frames, [16.0 KB-32.0 KB]: 1287 frames, [32.0 KB-64.0 KB]: 193 frames, [64.0 KB-128.0 KB]: 3209 frames, [128.0 KB-256.0 KB]: 2 frames, [256.0 KB-0.5 MB]: 17621 frames, [0.5 MB-1.0 MB]: 519709 frames, [1.0 MB-2.0 MB]: 13420 frames, [2.0 MB-4.0 MB]: 6 frames, [4.0 MB-8.0 MB]: 19 frames
      Initial Block Size 4.0 MB
      Current Block Size 7.1 MB
      Peak Allocated Bytes 7.1 MB
      Overflow Count 0
    [ALLOC_TEMP_Loading.AsyncRead]
      Initial Block Size 64.0 KB
      Current Block Size 64.0 KB
      Peak Allocated Bytes 256 B
      Overflow Count 0
    [ALLOC_TEMP_Loading.PreloadManager]
      Initial Block Size 256.0 KB
      Current Block Size 0.5 MB
      Peak Allocated Bytes 510.7 KB
      Overflow Count 349
    [ALLOC_TEMP_Background Job.Worker 8]
      Initial Block Size 32.0 KB
      Current Block Size 32.0 KB
      Peak Allocated Bytes 0 B
      Overflow Count 0
    [ALLOC_TEMP_Job.Worker 6]
      Initial Block Size 256.0 KB
      Current Block Size 256.0 KB
      Peak Allocated Bytes 78.2 KB
      Overflow Count 0
    [ALLOC_TEMP_Job.Worker 0]
      Initial Block Size 256.0 KB
      Current Block Size 256.0 KB
      Peak Allocated Bytes 78.2 KB
      Overflow Count 0
    [ALLOC_TEMP_Background Job.Worker 10]
      Initial Block Size 32.0 KB
      Current Block Size 32.0 KB
      Peak Allocated Bytes 0 B
      Overflow Count 0
    [ALLOC_TEMP_Background Job.Worker 9]
      Initial Block Size 32.0 KB
      Current Block Size 32.0 KB
      Peak Allocated Bytes 0 B
      Overflow Count 0
    [ALLOC_TEMP_Job.Worker 5]
      Initial Block Size 256.0 KB
      Current Block Size 256.0 KB
      Peak Allocated Bytes 78.2 KB
      Overflow Count 0
    [ALLOC_TEMP_Background Job.Worker 14]
      Initial Block Size 32.0 KB
      Current Block Size 32.0 KB
      Peak Allocated Bytes 0 B
      Overflow Count 0
    [ALLOC_TEMP_Background Job.Worker 6]
      Initial Block Size 32.0 KB
      Current Block Size 32.0 KB
      Peak Allocated Bytes 0 B
      Overflow Count 0
    [ALLOC_TEMP_Job.Worker 4]
      Initial Block Size 256.0 KB
      Current Block Size 256.0 KB
      Peak Allocated Bytes 78.2 KB
      Overflow Count 0
    [ALLOC_TEMP_Job.Worker 14]
      Initial Block Size 256.0 KB
      Current Block Size 256.0 KB
      Peak Allocated Bytes 78.2 KB
      Overflow Count 0
    [ALLOC_TEMP_Job.Worker 3]
      Initial Block Size 256.0 KB
      Current Block Size 256.0 KB
      Peak Allocated Bytes 78.2 KB
      Overflow Count 0
    [ALLOC_TEMP_Job.Worker 13]
      Initial Block Size 256.0 KB
      Current Block Size 256.0 KB
      Peak Allocated Bytes 78.2 KB
      Overflow Count 0
    [ALLOC_TEMP_Background Job.Worker 12]
      Initial Block Size 32.0 KB
      Current Block Size 32.0 KB
      Peak Allocated Bytes 0 B
      Overflow Count 0
    [ALLOC_TEMP_EnlightenWorker] x 8
      Initial Block Size 64.0 KB
      Current Block Size 64.0 KB
      Peak Allocated Bytes 0 B
      Overflow Count 0
    [ALLOC_TEMP_Background Job.Worker 15]
      Initial Block Size 32.0 KB
      Current Block Size 32.0 KB
      Peak Allocated Bytes 0 B
      Overflow Count 0
    [ALLOC_TEMP_Background Job.Worker 1]
      Initial Block Size 32.0 KB
      Current Block Size 32.0 KB
      Peak Allocated Bytes 3.5 KB
      Overflow Count 0
    [ALLOC_TEMP_Background Job.Worker 2]
      Initial Block Size 32.0 KB
      Current Block Size 32.0 KB
      Peak Allocated Bytes 106 B
      Overflow Count 1
    [ALLOC_TEMP_Background Job.Worker 7]
      Initial Block Size 32.0 KB
      Current Block Size 32.0 KB
      Peak Allocated Bytes 0 B
      Overflow Count 0
    [ALLOC_TEMP_UnityGfxDeviceWorker]
      Initial Block Size 256.0 KB
      Current Block Size 256.0 KB
      Peak Allocated Bytes 39.1 KB
      Overflow Count 8
    [ALLOC_TEMP_AssetGarbageCollectorHelper] x 15
      Initial Block Size 64.0 KB
      Current Block Size 64.0 KB
      Peak Allocated Bytes 0 B
      Overflow Count 0
    [ALLOC_TEMP_Background Job.Worker 5]
      Initial Block Size 32.0 KB
      Current Block Size 32.0 KB
      Peak Allocated Bytes 0 B
      Overflow Count 0
    [ALLOC_TEMP_Job.Worker 9]
      Initial Block Size 256.0 KB
      Current Block Size 256.0 KB
      Peak Allocated Bytes 78.2 KB
      Overflow Count 0
    [ALLOC_TEMP_Background Job.Worker 13]
      Initial Block Size 32.0 KB
      Current Block Size 32.0 KB
      Peak Allocated Bytes 0 B
      Overflow Count 0
    [ALLOC_TEMP_Job.Worker 8]
      Initial Block Size 256.0 KB
      Current Block Size 256.0 KB
      Peak Allocated Bytes 78.2 KB
      Overflow Count 0
    [ALLOC_TEMP_Job.Worker 7]
      Initial Block Size 256.0 KB
      Current Block Size 256.0 KB
      Peak Allocated Bytes 78.2 KB
      Overflow Count 0
    [ALLOC_TEMP_Job.Worker 1]
      Initial Block Size 256.0 KB
      Current Block Size 256.0 KB
      Peak Allocated Bytes 78.2 KB
      Overflow Count 0
    [ALLOC_TEMP_Job.Worker 2]
      Initial Block Size 256.0 KB
      Current Block Size 256.0 KB
      Peak Allocated Bytes 78.2 KB
      Overflow Count 0
    [ALLOC_TEMP_Background Job.Worker 3]
      Initial Block Size 32.0 KB
      Current Block Size 32.0 KB
      Peak Allocated Bytes 0 B
      Overflow Count 0
    [ALLOC_TEMP_Background Job.Worker 11]
      Initial Block Size 32.0 KB
      Current Block Size 32.0 KB
      Peak Allocated Bytes 0 B
      Overflow Count 0
    [ALLOC_TEMP_Job.Worker 10]
      Initial Block Size 256.0 KB
      Current Block Size 256.0 KB
      Peak Allocated Bytes 78.2 KB
      Overflow Count 0
    [ALLOC_TEMP_Background Job.Worker 0]
      Initial Block Size 32.0 KB
      Current Block Size 32.0 KB
      Peak Allocated Bytes 0 B
      Overflow Count 0
    [ALLOC_TEMP_CloudJob.Worker 0]
      Initial Block Size 32.0 KB
      Current Block Size 32.0 KB
      Peak Allocated Bytes 11.0 KB
      Overflow Count 0
    [ALLOC_TEMP_Job.Worker 11]
      Initial Block Size 256.0 KB
      Current Block Size 256.0 KB
      Peak Allocated Bytes 93.3 KB
      Overflow Count 0
    [ALLOC_TEMP_Job.Worker 12]
      Initial Block Size 256.0 KB
      Current Block Size 256.0 KB
      Peak Allocated Bytes 78.2 KB
      Overflow Count 0
    [ALLOC_TEMP_Background Job.Worker 4]
      Initial Block Size 32.0 KB
      Current Block Size 32.0 KB
      Peak Allocated Bytes 0 B
      Overflow Count 0
    [ALLOC_TEMP_BatchDeleteObjects]
      Initial Block Size 64.0 KB
      Current Block Size 64.0 KB
      Peak Allocated Bytes 0 B
      Overflow Count 0
[ALLOC_DEFAULT] Dual Thread Allocator
  Peak main deferred allocation count 120988
    [ALLOC_BUCKET]
      Large Block size 4.0 MB
      Used Block count 1
      Peak Allocated bytes 4.0 MB
      Failed Allocations. Bucket layout:
        16B: 1 Subsections = 1024 buckets. Failed count: 32813698
        32B: 6 Subsections = 3072 buckets. Failed count: 2375277
        48B: 51 Subsections = 17408 buckets. Failed count: 32526625
        64B: 101 Subsections = 25856 buckets. Failed count: 3523815
        80B: 90 Subsections = 18432 buckets. Failed count: 3363442
        96B: 3 Subsections = 512 buckets. Failed count: 2851067
        112B: 2 Subsections = 292 buckets. Failed count: 20067
        128B: 2 Subsections = 256 buckets. Failed count: 263463
    [ALLOC_DEFAULT_MAIN]
      Peak usage frame count: [32.0 MB-64.0 MB]: 5224 frames, [64.0 MB-128.0 MB]: 96 frames, [128.0 MB-256.0 MB]: 583239 frames
      Requested Block Size 16.0 MB
      Peak Block count 15
      Peak Allocated memory 202.0 MB
      Peak Large allocation bytes 44.0 MB
    [ALLOC_DEFAULT_THREAD]
      Peak usage frame count: [4.0 MB-8.0 MB]: 3981 frames, [8.0 MB-16.0 MB]: 1223 frames, [16.0 MB-32.0 MB]: 66 frames, [32.0 MB-64.0 MB]: 581131 frames, [64.0 MB-128.0 MB]: 2158 frames
      Requested Block Size 16.0 MB
      Peak Block count 6
      Peak Allocated memory 65.5 MB
      Peak Large allocation bytes 16.0 MB
[ALLOC_TEMP_JOB_1_FRAME]
  Initial Block Size 2.0 MB
  Used Block Count 0
  Overflow Count (too large) 0
  Overflow Count (full) 0
[ALLOC_TEMP_JOB_2_FRAMES]
  Initial Block Size 2.0 MB
  Used Block Count 0
  Overflow Count (too large) 0
  Overflow Count (full) 0
[ALLOC_TEMP_JOB_4_FRAMES (JobTemp)]
  Initial Block Size 2.0 MB
  Used Block Count 1
  Overflow Count (too large) 0
  Overflow Count (full) 0
[ALLOC_TEMP_JOB_ASYNC (Background)]
  Initial Block Size 1.0 MB
  Used Block Count 1
  Overflow Count (too large) 0
  Overflow Count (full) 0
[ALLOC_GFX] Dual Thread Allocator
  Peak main deferred allocation count 48
    [ALLOC_BUCKET]
      Large Block size 4.0 MB
      Used Block count 1
      Peak Allocated bytes 4.0 MB
      Failed Allocations. Bucket layout:
        16B: 1 Subsections = 1024 buckets. Failed count: 32813698
        32B: 6 Subsections = 3072 buckets. Failed count: 2375277
        48B: 51 Subsections = 17408 buckets. Failed count: 32526625
        64B: 101 Subsections = 25856 buckets. Failed count: 3523815
        80B: 90 Subsections = 18432 buckets. Failed count: 3363442
        96B: 3 Subsections = 512 buckets. Failed count: 2851067
        112B: 2 Subsections = 292 buckets. Failed count: 20067
        128B: 2 Subsections = 256 buckets. Failed count: 263463
    [ALLOC_GFX_MAIN]
      Peak usage frame count: [256.0 KB-0.5 MB]: 5222 frames, [8.0 MB-16.0 MB]: 4 frames, [16.0 MB-32.0 MB]: 4 frames, [32.0 MB-64.0 MB]: 28 frames, [64.0 MB-128.0 MB]: 583301 frames
      Requested Block Size 16.0 MB
      Peak Block count 8
      Peak Allocated memory 115.7 MB
      Peak Large allocation bytes 0 B
    [ALLOC_GFX_THREAD]
      Peak usage frame count: [0-1.0 KB]: 3927 frames, [1.0 KB-2.0 KB]: 1 frames, [256.0 KB-0.5 MB]: 1 frames, [0.5 MB-1.0 MB]: 24 frames, [1.0 MB-2.0 MB]: 1271 frames, [2.0 MB-4.0 MB]: 60 frames, [4.0 MB-8.0 MB]: 136880 frames, [8.0 MB-16.0 MB]: 444237 frames, [16.0 MB-32.0 MB]: 2158 frames
      Requested Block Size 16.0 MB
      Peak Block count 2
      Peak Allocated memory 20.3 MB
      Peak Large allocation bytes 0 B
[ALLOC_CACHEOBJECTS] Dual Thread Allocator
  Peak main deferred allocation count 724
    [ALLOC_BUCKET]
      Large Block size 4.0 MB
      Used Block count 1
      Peak Allocated bytes 4.0 MB
      Failed Allocations. Bucket layout:
        16B: 1 Subsections = 1024 buckets. Failed count: 32813698
        32B: 6 Subsections = 3072 buckets. Failed count: 2375277
        48B: 51 Subsections = 17408 buckets. Failed count: 32526625
        64B: 101 Subsections = 25856 buckets. Failed count: 3523815
        80B: 90 Subsections = 18432 buckets. Failed count: 3363442
        96B: 3 Subsections = 512 buckets. Failed count: 2851067
        112B: 2 Subsections = 292 buckets. Failed count: 20067
        128B: 2 Subsections = 256 buckets. Failed count: 263463
    [ALLOC_CACHEOBJECTS_MAIN]
      Peak usage frame count: [32.0 MB-64.0 MB]: 5266 frames, [64.0 MB-128.0 MB]: 583271 frames, [128.0 MB-256.0 MB]: 22 frames
      Requested Block Size 4.0 MB
      Peak Block count 46
      Peak Allocated memory 212.3 MB
      Peak Large allocation bytes 40.8 MB
    [ALLOC_CACHEOBJECTS_THREAD]
      Peak usage frame count: [128.0 KB-256.0 KB]: 3897 frames, [256.0 KB-0.5 MB]: 25 frames, [0.5 MB-1.0 MB]: 8 frames, [1.0 MB-2.0 MB]: 9 frames, [2.0 MB-4.0 MB]: 77 frames, [4.0 MB-8.0 MB]: 70 frames, [8.0 MB-16.0 MB]: 179 frames, [16.0 MB-32.0 MB]: 959 frames, [32.0 MB-64.0 MB]: 583333 frames, [64.0 MB-128.0 MB]: 2 frames
      Requested Block Size 4.0 MB
      Peak Block count 20
      Peak Allocated memory 64.4 MB
      Peak Large allocation bytes 0 B
[ALLOC_TYPETREE] Dual Thread Allocator
  Peak main deferred allocation count 0
    [ALLOC_BUCKET]
      Large Block size 4.0 MB
      Used Block count 1
      Peak Allocated bytes 4.0 MB
      Failed Allocations. Bucket layout:
        16B: 1 Subsections = 1024 buckets. Failed count: 32813698
        32B: 6 Subsections = 3072 buckets. Failed count: 2375277
        48B: 51 Subsections = 17408 buckets. Failed count: 32526625
        64B: 101 Subsections = 25856 buckets. Failed count: 3523815
        80B: 90 Subsections = 18432 buckets. Failed count: 3363442
        96B: 3 Subsections = 512 buckets. Failed count: 2851067
        112B: 2 Subsections = 292 buckets. Failed count: 20067
        128B: 2 Subsections = 256 buckets. Failed count: 263463
    [ALLOC_TYPETREE_MAIN]
      Peak usage frame count: [8.0 KB-16.0 KB]: 5222 frames, [16.0 KB-32.0 KB]: 583337 frames
      Requested Block Size 2.0 MB
      Peak Block count 1
      Peak Allocated memory 22.6 KB
      Peak Large allocation bytes 0 B
    [ALLOC_TYPETREE_THREAD]
      Peak usage frame count: [1.0 KB-2.0 KB]: 3975 frames, [2.0 KB-4.0 KB]: 25 frames, [4.0 KB-8.0 KB]: 155 frames, [8.0 KB-16.0 KB]: 584403 frames, [16.0 KB-32.0 KB]: 1 frames
      Requested Block Size 2.0 MB
      Peak Block count 1
      Peak Allocated memory 16.1 KB
      Peak Large allocation bytes 0 B
